{"/Users/bjaztin/Desktop/taskManagerApp/App.js": {"path":"/Users/bjaztin/Desktop/taskManagerApp/App.js","statementMap":{"0":{"start":{"line":6,"column":14},"end":{"line":6,"column":42}},"1":{"start":{"line":8,"column":12},"end":{"line":28,"column":1}},"2":{"start":{"line":10,"column":2},"end":{"line":27,"column":4}}},"fnMap":{"0":{"name":"(anonymous_0)","decl":{"start":{"line":8,"column":12},"end":{"line":8,"column":13}},"loc":{"start":{"line":8,"column":17},"end":{"line":28,"column":1}},"line":8}},"branchMap":{},"s":{"0":0,"1":0,"2":0},"f":{"0":0},"b":{}}
,"/Users/bjaztin/Desktop/taskManagerApp/firebase.js": {"path":"/Users/bjaztin/Desktop/taskManagerApp/firebase.js","statementMap":{"0":{"start":{"line":7,"column":23},"end":{"line":14,"column":1}},"1":{"start":{"line":17,"column":12},"end":{"line":17,"column":41}},"2":{"start":{"line":19,"column":13},"end":{"line":21,"column":2}},"3":{"start":{"line":23,"column":11},"end":{"line":23,"column":28}}},"fnMap":{},"branchMap":{},"s":{"0":5,"1":5,"2":5,"3":5},"f":{},"b":{},"_coverageSchema":"1a1c01bbd47fc00a2c39e90264f33305004495a9","hash":"ce251cf3a1fe91c8ddd0a2bd792099c8db4e16fe"}
,"/Users/bjaztin/Desktop/taskManagerApp/jest.config.js": {"path":"/Users/bjaztin/Desktop/taskManagerApp/jest.config.js","statementMap":{"0":{"start":{"line":1,"column":0},"end":{"line":33,"column":2}}},"fnMap":{},"branchMap":{},"s":{"0":0},"f":{},"b":{}}
,"/Users/bjaztin/Desktop/taskManagerApp/metro.config.js": {"path":"/Users/bjaztin/Desktop/taskManagerApp/metro.config.js","statementMap":{"0":{"start":{"line":1,"column":29},"end":{"line":1,"column":58}},"1":{"start":{"line":3,"column":22},"end":{"line":3,"column":49}},"2":{"start":{"line":4,"column":0},"end":{"line":4,"column":45}},"3":{"start":{"line":6,"column":0},"end":{"line":6,"column":31}}},"fnMap":{},"branchMap":{},"s":{"0":0,"1":0,"2":0,"3":0},"f":{},"b":{}}
,"/Users/bjaztin/Desktop/taskManagerApp/src/components/TaskDetail/SwipeAction.js": {"path":"/Users/bjaztin/Desktop/taskManagerApp/src/components/TaskDetail/SwipeAction.js","statementMap":{"0":{"start":{"line":6,"column":20},"end":{"line":48,"column":1}},"1":{"start":{"line":7,"column":48},"end":{"line":7,"column":63}},"2":{"start":{"line":9,"column":23},"end":{"line":9,"column":35}},"3":{"start":{"line":11,"column":2},"end":{"line":19,"column":24}},"4":{"start":{"line":13,"column":4},"end":{"line":17,"column":5}},"5":{"start":{"line":14,"column":6},"end":{"line":16,"column":15}},"6":{"start":{"line":15,"column":8},"end":{"line":15,"column":38}},"7":{"start":{"line":18,"column":4},"end":{"line":18,"column":37}},"8":{"start":{"line":18,"column":17},"end":{"line":18,"column":36}},"9":{"start":{"line":21,"column":21},"end":{"line":36,"column":3}},"10":{"start":{"line":22,"column":4},"end":{"line":35,"column":6}},"11":{"start":{"line":27,"column":10},"end":{"line":27,"column":25}},"12":{"start":{"line":28,"column":10},"end":{"line":28,"column":36}},"13":{"start":{"line":38,"column":2},"end":{"line":47,"column":4}},"14":{"start":{"line":42,"column":29},"end":{"line":42,"column":53}},"15":{"start":{"line":43,"column":30},"end":{"line":43,"column":55}},"16":{"start":{"line":52,"column":15},"end":{"line":60,"column":2}}},"fnMap":{"0":{"name":"(anonymous_0)","decl":{"start":{"line":6,"column":20},"end":{"line":6,"column":21}},"loc":{"start":{"line":6,"column":48},"end":{"line":48,"column":1}},"line":6},"1":{"name":"(anonymous_1)","decl":{"start":{"line":11,"column":12},"end":{"line":11,"column":13}},"loc":{"start":{"line":11,"column":18},"end":{"line":19,"column":3}},"line":11},"2":{"name":"(anonymous_2)","decl":{"start":{"line":14,"column":25},"end":{"line":14,"column":26}},"loc":{"start":{"line":14,"column":31},"end":{"line":16,"column":7}},"line":14},"3":{"name":"(anonymous_3)","decl":{"start":{"line":18,"column":11},"end":{"line":18,"column":12}},"loc":{"start":{"line":18,"column":17},"end":{"line":18,"column":36}},"line":18},"4":{"name":"(anonymous_4)","decl":{"start":{"line":21,"column":21},"end":{"line":21,"column":22}},"loc":{"start":{"line":21,"column":31},"end":{"line":36,"column":3}},"line":21},"5":{"name":"(anonymous_5)","decl":{"start":{"line":26,"column":17},"end":{"line":26,"column":18}},"loc":{"start":{"line":26,"column":23},"end":{"line":29,"column":9}},"line":26},"6":{"name":"(anonymous_6)","decl":{"start":{"line":42,"column":23},"end":{"line":42,"column":24}},"loc":{"start":{"line":42,"column":29},"end":{"line":42,"column":53}},"line":42},"7":{"name":"(anonymous_7)","decl":{"start":{"line":43,"column":24},"end":{"line":43,"column":25}},"loc":{"start":{"line":43,"column":30},"end":{"line":43,"column":55}},"line":43}},"branchMap":{"0":{"loc":{"start":{"line":13,"column":4},"end":{"line":17,"column":5}},"type":"if","locations":[{"start":{"line":13,"column":4},"end":{"line":17,"column":5}},{"start":{},"end":{}}],"line":13}},"s":{"0":4,"1":2,"2":2,"3":2,"4":1,"5":0,"6":0,"7":1,"8":1,"9":2,"10":2,"11":1,"12":1,"13":2,"14":0,"15":0,"16":4},"f":{"0":2,"1":1,"2":0,"3":1,"4":2,"5":1,"6":0,"7":0},"b":{"0":[0,1]},"_coverageSchema":"1a1c01bbd47fc00a2c39e90264f33305004495a9","hash":"dbcd5ae29a85922de4d78fc3954ab15fcdc826e4"}
,"/Users/bjaztin/Desktop/taskManagerApp/src/components/TaskDetail/TaskCompleteButton.js": {"path":"/Users/bjaztin/Desktop/taskManagerApp/src/components/TaskDetail/TaskCompleteButton.js","statementMap":{"0":{"start":{"line":5,"column":27},"end":{"line":27,"column":1}},"1":{"start":{"line":7,"column":2},"end":{"line":26,"column":4}},"2":{"start":{"line":31,"column":15},"end":{"line":59,"column":2}}},"fnMap":{"0":{"name":"(anonymous_0)","decl":{"start":{"line":5,"column":27},"end":{"line":5,"column":28}},"loc":{"start":{"line":5,"column":56},"end":{"line":27,"column":1}},"line":5}},"branchMap":{"0":{"loc":{"start":{"line":13,"column":10},"end":{"line":13,"column":68}},"type":"cond-expr","locations":[{"start":{"line":13,"column":23},"end":{"line":13,"column":43}},{"start":{"line":13,"column":46},"end":{"line":13,"column":68}}],"line":13},"1":{"loc":{"start":{"line":17,"column":9},"end":{"line":23,"column":9}},"type":"cond-expr","locations":[{"start":{"line":18,"column":10},"end":{"line":20,"column":17}},{"start":{"line":22,"column":10},"end":{"line":22,"column":54}}],"line":17}},"s":{"0":4,"1":2,"2":4},"f":{"0":2},"b":{"0":[0,2],"1":[0,2]},"_coverageSchema":"1a1c01bbd47fc00a2c39e90264f33305004495a9","hash":"c0036cdaff9bbbe4e66e80231a47cc57858ae653"}
,"/Users/bjaztin/Desktop/taskManagerApp/src/components/TaskDetail/TaskDate.js": {"path":"/Users/bjaztin/Desktop/taskManagerApp/src/components/TaskDetail/TaskDate.js","statementMap":{"0":{"start":{"line":4,"column":17},"end":{"line":22,"column":1}},"1":{"start":{"line":6,"column":29},"end":{"line":6,"column":51}},"2":{"start":{"line":8,"column":2},"end":{"line":21,"column":4}},"3":{"start":{"line":26,"column":15},"end":{"line":37,"column":2}}},"fnMap":{"0":{"name":"(anonymous_0)","decl":{"start":{"line":4,"column":17},"end":{"line":4,"column":18}},"loc":{"start":{"line":4,"column":49},"end":{"line":22,"column":1}},"line":4}},"branchMap":{"0":{"loc":{"start":{"line":10,"column":7},"end":{"line":19,"column":7}},"type":"binary-expr","locations":[{"start":{"line":10,"column":7},"end":{"line":10,"column":19}},{"start":{"line":11,"column":8},"end":{"line":18,"column":15}}],"line":10},"1":{"loc":{"start":{"line":14,"column":12},"end":{"line":14,"column":71}},"type":"cond-expr","locations":[{"start":{"line":14,"column":25},"end":{"line":14,"column":45}},{"start":{"line":14,"column":48},"end":{"line":14,"column":71}}],"line":14}},"s":{"0":4,"1":3,"2":3,"3":4},"f":{"0":3},"b":{"0":[3,3],"1":[1,2]},"_coverageSchema":"1a1c01bbd47fc00a2c39e90264f33305004495a9","hash":"cc038ea0ab1e1d88863e4b257bf602e823d6e090"}
,"/Users/bjaztin/Desktop/taskManagerApp/src/components/TaskDetail/TaskDetails.js": {"path":"/Users/bjaztin/Desktop/taskManagerApp/src/components/TaskDetail/TaskDetails.js","statementMap":{"0":{"start":{"line":15,"column":20},"end":{"line":109,"column":1}},"1":{"start":{"line":26,"column":30},"end":{"line":26,"column":34}},"2":{"start":{"line":27,"column":38},"end":{"line":27,"column":53}},"3":{"start":{"line":28,"column":38},"end":{"line":28,"column":63}},"4":{"start":{"line":30,"column":2},"end":{"line":46,"column":16}},"5":{"start":{"line":32,"column":28},"end":{"line":43,"column":5}},"6":{"start":{"line":33,"column":6},"end":{"line":42,"column":7}},"7":{"start":{"line":34,"column":33},"end":{"line":36,"column":9}},"8":{"start":{"line":37,"column":8},"end":{"line":39,"column":9}},"9":{"start":{"line":38,"column":10},"end":{"line":38,"column":54}},"10":{"start":{"line":41,"column":8},"end":{"line":41,"column":74}},"11":{"start":{"line":45,"column":4},"end":{"line":45,"column":22}},"12":{"start":{"line":48,"column":31},"end":{"line":64,"column":3}},"13":{"start":{"line":49,"column":4},"end":{"line":49,"column":59}},"14":{"start":{"line":51,"column":4},"end":{"line":51,"column":31}},"15":{"start":{"line":54,"column":4},"end":{"line":61,"column":5}},"16":{"start":{"line":55,"column":6},"end":{"line":58,"column":8}},"17":{"start":{"line":60,"column":6},"end":{"line":60,"column":78}},"18":{"start":{"line":63,"column":4},"end":{"line":63,"column":43}},"19":{"start":{"line":66,"column":2},"end":{"line":108,"column":4}},"20":{"start":{"line":80,"column":31},"end":{"line":80,"column":60}},"21":{"start":{"line":113,"column":15},"end":{"line":153,"column":2}}},"fnMap":{"0":{"name":"(anonymous_0)","decl":{"start":{"line":15,"column":20},"end":{"line":15,"column":21}},"loc":{"start":{"line":25,"column":6},"end":{"line":109,"column":1}},"line":25},"1":{"name":"(anonymous_1)","decl":{"start":{"line":30,"column":12},"end":{"line":30,"column":13}},"loc":{"start":{"line":30,"column":18},"end":{"line":46,"column":3}},"line":30},"2":{"name":"(anonymous_2)","decl":{"start":{"line":32,"column":28},"end":{"line":32,"column":29}},"loc":{"start":{"line":32,"column":40},"end":{"line":43,"column":5}},"line":32},"3":{"name":"(anonymous_3)","decl":{"start":{"line":48,"column":31},"end":{"line":48,"column":32}},"loc":{"start":{"line":48,"column":43},"end":{"line":64,"column":3}},"line":48},"4":{"name":"(anonymous_4)","decl":{"start":{"line":80,"column":25},"end":{"line":80,"column":26}},"loc":{"start":{"line":80,"column":31},"end":{"line":80,"column":60}},"line":80}},"branchMap":{"0":{"loc":{"start":{"line":37,"column":8},"end":{"line":39,"column":9}},"type":"if","locations":[{"start":{"line":37,"column":8},"end":{"line":39,"column":9}},{"start":{},"end":{}}],"line":37}},"s":{"0":3,"1":1,"2":1,"3":1,"4":1,"5":0,"6":0,"7":0,"8":0,"9":0,"10":0,"11":0,"12":1,"13":0,"14":0,"15":0,"16":0,"17":0,"18":0,"19":1,"20":0,"21":3},"f":{"0":1,"1":0,"2":0,"3":0,"4":0},"b":{"0":[0,0]},"_coverageSchema":"1a1c01bbd47fc00a2c39e90264f33305004495a9","hash":"448bdb1a69e931a83a834b874cccd2fdb150391c"}
,"/Users/bjaztin/Desktop/taskManagerApp/src/components/TaskDetail/TaskImage.js": {"path":"/Users/bjaztin/Desktop/taskManagerApp/src/components/TaskDetail/TaskImage.js","statementMap":{"0":{"start":{"line":4,"column":18},"end":{"line":27,"column":1}},"1":{"start":{"line":5,"column":27},"end":{"line":9,"column":3}},"2":{"start":{"line":6,"column":4},"end":{"line":8,"column":5}},"3":{"start":{"line":7,"column":6},"end":{"line":7,"column":34}},"4":{"start":{"line":11,"column":2},"end":{"line":26,"column":4}},"5":{"start":{"line":31,"column":15},"end":{"line":45,"column":2}}},"fnMap":{"0":{"name":"(anonymous_0)","decl":{"start":{"line":4,"column":18},"end":{"line":4,"column":19}},"loc":{"start":{"line":4,"column":67},"end":{"line":27,"column":1}},"line":4},"1":{"name":"(anonymous_1)","decl":{"start":{"line":5,"column":27},"end":{"line":5,"column":28}},"loc":{"start":{"line":5,"column":33},"end":{"line":9,"column":3}},"line":5}},"branchMap":{"0":{"loc":{"start":{"line":6,"column":4},"end":{"line":8,"column":5}},"type":"if","locations":[{"start":{"line":6,"column":4},"end":{"line":8,"column":5}},{"start":{},"end":{}}],"line":6},"1":{"loc":{"start":{"line":13,"column":7},"end":{"line":24,"column":7}},"type":"binary-expr","locations":[{"start":{"line":13,"column":7},"end":{"line":13,"column":20}},{"start":{"line":13,"column":24},"end":{"line":13,"column":57}},{"start":{"line":14,"column":8},"end":{"line":23,"column":27}}],"line":13},"2":{"loc":{"start":{"line":20,"column":14},"end":{"line":20,"column":67}},"type":"cond-expr","locations":[{"start":{"line":20,"column":27},"end":{"line":20,"column":52}},{"start":{"line":20,"column":55},"end":{"line":20,"column":67}}],"line":20}},"s":{"0":4,"1":2,"2":1,"3":1,"4":2,"5":4},"f":{"0":2,"1":1},"b":{"0":[1,0],"1":[2,2,2],"2":[0,2]},"_coverageSchema":"1a1c01bbd47fc00a2c39e90264f33305004495a9","hash":"3c55a1d06d7f7a786a0526e9058483207420bc9e"}
,"/Users/bjaztin/Desktop/taskManagerApp/src/components/TaskDetail/TaskNote.js": {"path":"/Users/bjaztin/Desktop/taskManagerApp/src/components/TaskDetail/TaskNote.js","statementMap":{"0":{"start":{"line":4,"column":17},"end":{"line":19,"column":1}},"1":{"start":{"line":5,"column":2},"end":{"line":18,"column":4}},"2":{"start":{"line":23,"column":15},"end":{"line":34,"column":2}}},"fnMap":{"0":{"name":"(anonymous_0)","decl":{"start":{"line":4,"column":17},"end":{"line":4,"column":18}},"loc":{"start":{"line":4,"column":41},"end":{"line":19,"column":1}},"line":4}},"branchMap":{"0":{"loc":{"start":{"line":7,"column":7},"end":{"line":16,"column":7}},"type":"binary-expr","locations":[{"start":{"line":7,"column":7},"end":{"line":7,"column":11}},{"start":{"line":8,"column":8},"end":{"line":15,"column":15}}],"line":7},"1":{"loc":{"start":{"line":11,"column":12},"end":{"line":11,"column":52}},"type":"cond-expr","locations":[{"start":{"line":11,"column":25},"end":{"line":11,"column":45}},{"start":{"line":11,"column":48},"end":{"line":11,"column":52}}],"line":11}},"s":{"0":4,"1":3,"2":4},"f":{"0":3},"b":{"0":[3,3],"1":[1,2]},"_coverageSchema":"1a1c01bbd47fc00a2c39e90264f33305004495a9","hash":"492c9d51468878fad268f23cefc3b0fa0ee801f1"}
,"/Users/bjaztin/Desktop/taskManagerApp/src/components/TaskDetail/TaskTagIcon.js": {"path":"/Users/bjaztin/Desktop/taskManagerApp/src/components/TaskDetail/TaskTagIcon.js","statementMap":{"0":{"start":{"line":7,"column":20},"end":{"line":119,"column":1}},"1":{"start":{"line":8,"column":54},"end":{"line":8,"column":69}},"2":{"start":{"line":9,"column":38},"end":{"line":9,"column":63}},"3":{"start":{"line":10,"column":44},"end":{"line":10,"column":74}},"4":{"start":{"line":12,"column":27},"end":{"line":12,"column":39}},"5":{"start":{"line":14,"column":2},"end":{"line":30,"column":9}},"6":{"start":{"line":16,"column":25},"end":{"line":27,"column":5}},"7":{"start":{"line":17,"column":6},"end":{"line":26,"column":7}},"8":{"start":{"line":18,"column":31},"end":{"line":20,"column":9}},"9":{"start":{"line":21,"column":8},"end":{"line":23,"column":9}},"10":{"start":{"line":22,"column":10},"end":{"line":22,"column":53}},"11":{"start":{"line":25,"column":8},"end":{"line":25,"column":74}},"12":{"start":{"line":29,"column":4},"end":{"line":29,"column":19}},"13":{"start":{"line":33,"column":2},"end":{"line":39,"column":27}},"14":{"start":{"line":34,"column":4},"end":{"line":38,"column":5}},"15":{"start":{"line":35,"column":6},"end":{"line":37,"column":9}},"16":{"start":{"line":36,"column":8},"end":{"line":36,"column":75}},"17":{"start":{"line":41,"column":31},"end":{"line":43,"column":3}},"18":{"start":{"line":42,"column":4},"end":{"line":42,"column":47}},"19":{"start":{"line":45,"column":24},"end":{"line":58,"column":3}},"20":{"start":{"line":46,"column":4},"end":{"line":46,"column":27}},"21":{"start":{"line":48,"column":4},"end":{"line":55,"column":5}},"22":{"start":{"line":49,"column":6},"end":{"line":52,"column":8}},"23":{"start":{"line":54,"column":6},"end":{"line":54,"column":78}},"24":{"start":{"line":57,"column":4},"end":{"line":57,"column":33}},"25":{"start":{"line":60,"column":20},"end":{"line":65,"column":3}},"26":{"start":{"line":67,"column":25},"end":{"line":78,"column":3}},"27":{"start":{"line":68,"column":4},"end":{"line":77,"column":5}},"28":{"start":{"line":70,"column":8},"end":{"line":70,"column":25}},"29":{"start":{"line":72,"column":8},"end":{"line":72,"column":25}},"30":{"start":{"line":74,"column":8},"end":{"line":74,"column":25}},"31":{"start":{"line":76,"column":8},"end":{"line":76,"column":22}},"32":{"start":{"line":80,"column":2},"end":{"line":118,"column":4}},"33":{"start":{"line":84,"column":28},"end":{"line":84,"column":55}},"34":{"start":{"line":102,"column":30},"end":{"line":102,"column":57}},"35":{"start":{"line":123,"column":15},"end":{"line":140,"column":2}}},"fnMap":{"0":{"name":"(anonymous_0)","decl":{"start":{"line":7,"column":20},"end":{"line":7,"column":21}},"loc":{"start":{"line":7,"column":46},"end":{"line":119,"column":1}},"line":7},"1":{"name":"(anonymous_1)","decl":{"start":{"line":14,"column":12},"end":{"line":14,"column":13}},"loc":{"start":{"line":14,"column":18},"end":{"line":30,"column":3}},"line":14},"2":{"name":"(anonymous_2)","decl":{"start":{"line":16,"column":25},"end":{"line":16,"column":26}},"loc":{"start":{"line":16,"column":37},"end":{"line":27,"column":5}},"line":16},"3":{"name":"(anonymous_3)","decl":{"start":{"line":33,"column":12},"end":{"line":33,"column":13}},"loc":{"start":{"line":33,"column":18},"end":{"line":39,"column":3}},"line":33},"4":{"name":"(anonymous_4)","decl":{"start":{"line":35,"column":39},"end":{"line":35,"column":40}},"loc":{"start":{"line":35,"column":78},"end":{"line":37,"column":7}},"line":35},"5":{"name":"(anonymous_5)","decl":{"start":{"line":41,"column":31},"end":{"line":41,"column":32}},"loc":{"start":{"line":41,"column":37},"end":{"line":43,"column":3}},"line":41},"6":{"name":"(anonymous_6)","decl":{"start":{"line":45,"column":24},"end":{"line":45,"column":25}},"loc":{"start":{"line":45,"column":42},"end":{"line":58,"column":3}},"line":45},"7":{"name":"(anonymous_7)","decl":{"start":{"line":67,"column":25},"end":{"line":67,"column":26}},"loc":{"start":{"line":67,"column":37},"end":{"line":78,"column":3}},"line":67},"8":{"name":"(anonymous_8)","decl":{"start":{"line":84,"column":17},"end":{"line":84,"column":18}},"loc":{"start":{"line":84,"column":28},"end":{"line":84,"column":55}},"line":84},"9":{"name":"(anonymous_9)","decl":{"start":{"line":102,"column":24},"end":{"line":102,"column":25}},"loc":{"start":{"line":102,"column":30},"end":{"line":102,"column":57}},"line":102}},"branchMap":{"0":{"loc":{"start":{"line":21,"column":8},"end":{"line":23,"column":9}},"type":"if","locations":[{"start":{"line":21,"column":8},"end":{"line":23,"column":9}},{"start":{},"end":{}}],"line":21},"1":{"loc":{"start":{"line":34,"column":4},"end":{"line":38,"column":5}},"type":"if","locations":[{"start":{"line":34,"column":4},"end":{"line":38,"column":5}},{"start":{},"end":{}}],"line":34},"2":{"loc":{"start":{"line":68,"column":4},"end":{"line":77,"column":5}},"type":"switch","locations":[{"start":{"line":69,"column":6},"end":{"line":70,"column":25}},{"start":{"line":71,"column":6},"end":{"line":72,"column":25}},{"start":{"line":73,"column":6},"end":{"line":74,"column":25}},{"start":{"line":75,"column":6},"end":{"line":76,"column":22}}],"line":68},"3":{"loc":{"start":{"line":93,"column":31},"end":{"line":93,"column":78}},"type":"cond-expr","locations":[{"start":{"line":93,"column":44},"end":{"line":93,"column":64}},{"start":{"line":93,"column":67},"end":{"line":93,"column":78}}],"line":93}},"s":{"0":3,"1":1,"2":1,"3":1,"4":1,"5":1,"6":1,"7":1,"8":1,"9":0,"10":0,"11":1,"12":1,"13":1,"14":1,"15":1,"16":0,"17":1,"18":0,"19":1,"20":0,"21":0,"22":0,"23":0,"24":0,"25":1,"26":1,"27":1,"28":0,"29":0,"30":0,"31":1,"32":1,"33":0,"34":0,"35":3},"f":{"0":1,"1":1,"2":1,"3":1,"4":0,"5":0,"6":0,"7":1,"8":0,"9":0},"b":{"0":[0,0],"1":[1,0],"2":[0,0,0,1],"3":[0,1]},"_coverageSchema":"1a1c01bbd47fc00a2c39e90264f33305004495a9","hash":"947e774f678c1c0e7d691624e11e524950a01050"}
,"/Users/bjaztin/Desktop/taskManagerApp/src/components/TaskDetail/TaskTime.js": {"path":"/Users/bjaztin/Desktop/taskManagerApp/src/components/TaskDetail/TaskTime.js","statementMap":{"0":{"start":{"line":4,"column":17},"end":{"line":40,"column":1}},"1":{"start":{"line":7,"column":8},"end":{"line":9,"column":14}},"2":{"start":{"line":12,"column":8},"end":{"line":14,"column":14}},"3":{"start":{"line":16,"column":2},"end":{"line":39,"column":4}},"4":{"start":{"line":44,"column":15},"end":{"line":58,"column":2}}},"fnMap":{"0":{"name":"(anonymous_0)","decl":{"start":{"line":4,"column":17},"end":{"line":4,"column":18}},"loc":{"start":{"line":4,"column":66},"end":{"line":40,"column":1}},"line":4}},"branchMap":{"0":{"loc":{"start":{"line":7,"column":8},"end":{"line":9,"column":14}},"type":"cond-expr","locations":[{"start":{"line":8,"column":12},"end":{"line":8,"column":71}},{"start":{"line":9,"column":12},"end":{"line":9,"column":14}}],"line":7},"1":{"loc":{"start":{"line":12,"column":8},"end":{"line":14,"column":14}},"type":"cond-expr","locations":[{"start":{"line":13,"column":12},"end":{"line":13,"column":74}},{"start":{"line":14,"column":12},"end":{"line":14,"column":14}}],"line":12},"2":{"loc":{"start":{"line":18,"column":7},"end":{"line":27,"column":7}},"type":"binary-expr","locations":[{"start":{"line":18,"column":7},"end":{"line":18,"column":19}},{"start":{"line":19,"column":8},"end":{"line":26,"column":15}}],"line":18},"3":{"loc":{"start":{"line":22,"column":12},"end":{"line":22,"column":71}},"type":"cond-expr","locations":[{"start":{"line":22,"column":25},"end":{"line":22,"column":45}},{"start":{"line":22,"column":48},"end":{"line":22,"column":71}}],"line":22},"4":{"loc":{"start":{"line":28,"column":7},"end":{"line":37,"column":7}},"type":"binary-expr","locations":[{"start":{"line":28,"column":7},"end":{"line":28,"column":22}},{"start":{"line":29,"column":8},"end":{"line":36,"column":15}}],"line":28},"5":{"loc":{"start":{"line":32,"column":12},"end":{"line":32,"column":71}},"type":"cond-expr","locations":[{"start":{"line":32,"column":25},"end":{"line":32,"column":45}},{"start":{"line":32,"column":48},"end":{"line":32,"column":71}}],"line":32}},"s":{"0":4,"1":2,"2":2,"3":2,"4":4},"f":{"0":2},"b":{"0":[2,0],"1":[2,0],"2":[2,2],"3":[0,2],"4":[2,2],"5":[0,2]},"_coverageSchema":"1a1c01bbd47fc00a2c39e90264f33305004495a9","hash":"45b487b6bfd11501f25b7155a433302993382ad5"}
,"/Users/bjaztin/Desktop/taskManagerApp/src/components/TaskDetail/TaskTitle.js": {"path":"/Users/bjaztin/Desktop/taskManagerApp/src/components/TaskDetail/TaskTitle.js","statementMap":{"0":{"start":{"line":4,"column":18},"end":{"line":21,"column":1}},"1":{"start":{"line":6,"column":2},"end":{"line":20,"column":4}},"2":{"start":{"line":25,"column":15},"end":{"line":37,"column":2}}},"fnMap":{"0":{"name":"(anonymous_0)","decl":{"start":{"line":4,"column":18},"end":{"line":4,"column":19}},"loc":{"start":{"line":4,"column":44},"end":{"line":21,"column":1}},"line":4}},"branchMap":{"0":{"loc":{"start":{"line":8,"column":7},"end":{"line":17,"column":7}},"type":"binary-expr","locations":[{"start":{"line":8,"column":7},"end":{"line":8,"column":11}},{"start":{"line":9,"column":8},"end":{"line":16,"column":15}}],"line":8},"1":{"loc":{"start":{"line":12,"column":12},"end":{"line":12,"column":57}},"type":"cond-expr","locations":[{"start":{"line":12,"column":25},"end":{"line":12,"column":50}},{"start":{"line":12,"column":53},"end":{"line":12,"column":57}}],"line":12}},"s":{"0":4,"1":3,"2":4},"f":{"0":3},"b":{"0":[3,3],"1":[1,2]},"_coverageSchema":"1a1c01bbd47fc00a2c39e90264f33305004495a9","hash":"7a604184ea13605e67f6501a994005976b5e5834"}
,"/Users/bjaztin/Desktop/taskManagerApp/src/components/TaskDetail/TaskUrl.js": {"path":"/Users/bjaztin/Desktop/taskManagerApp/src/components/TaskDetail/TaskUrl.js","statementMap":{"0":{"start":{"line":5,"column":16},"end":{"line":26,"column":1}},"1":{"start":{"line":7,"column":21},"end":{"line":7,"column":36}},"2":{"start":{"line":9,"column":24},"end":{"line":23,"column":3}},"3":{"start":{"line":10,"column":24},"end":{"line":12,"column":13}},"4":{"start":{"line":11,"column":6},"end":{"line":11,"column":57}},"5":{"start":{"line":14,"column":4},"end":{"line":22,"column":6}},"6":{"start":{"line":25,"column":2},"end":{"line":25,"column":73}},"7":{"start":{"line":30,"column":15},"end":{"line":42,"column":2}}},"fnMap":{"0":{"name":"(anonymous_0)","decl":{"start":{"line":5,"column":16},"end":{"line":5,"column":17}},"loc":{"start":{"line":5,"column":41},"end":{"line":26,"column":1}},"line":5},"1":{"name":"(anonymous_1)","decl":{"start":{"line":9,"column":24},"end":{"line":9,"column":25}},"loc":{"start":{"line":9,"column":37},"end":{"line":23,"column":3}},"line":9},"2":{"name":"(anonymous_2)","decl":{"start":{"line":10,"column":36},"end":{"line":10,"column":37}},"loc":{"start":{"line":10,"column":48},"end":{"line":12,"column":5}},"line":10}},"branchMap":{"0":{"loc":{"start":{"line":17,"column":38},"end":{"line":17,"column":78}},"type":"cond-expr","locations":[{"start":{"line":17,"column":51},"end":{"line":17,"column":71}},{"start":{"line":17,"column":74},"end":{"line":17,"column":78}}],"line":17},"1":{"loc":{"start":{"line":25,"column":16},"end":{"line":25,"column":64}},"type":"binary-expr","locations":[{"start":{"line":25,"column":16},"end":{"line":25,"column":19}},{"start":{"line":25,"column":23},"end":{"line":25,"column":64}}],"line":25}},"s":{"0":4,"1":2,"2":1,"3":1,"4":0,"5":1,"6":1,"7":4},"f":{"0":2,"1":1,"2":0},"b":{"0":[0,1],"1":[1,1]},"_coverageSchema":"1a1c01bbd47fc00a2c39e90264f33305004495a9","hash":"d7b10095a4bfe4002c23842c0673ea595efe2618"}
,"/Users/bjaztin/Desktop/taskManagerApp/src/components/TaskScreenFeatures/AddDate.js": {"path":"/Users/bjaztin/Desktop/taskManagerApp/src/components/TaskScreenFeatures/AddDate.js","statementMap":{"0":{"start":{"line":5,"column":16},"end":{"line":43,"column":1}},"1":{"start":{"line":7,"column":24},"end":{"line":18,"column":3}},"2":{"start":{"line":9,"column":23},"end":{"line":13,"column":6}},"3":{"start":{"line":14,"column":4},"end":{"line":17,"column":6}},"4":{"start":{"line":20,"column":2},"end":{"line":42,"column":4}},"5":{"start":{"line":27,"column":31},"end":{"line":27,"column":67}},"6":{"start":{"line":47,"column":15},"end":{"line":55,"column":2}}},"fnMap":{"0":{"name":"(anonymous_0)","decl":{"start":{"line":5,"column":16},"end":{"line":5,"column":17}},"loc":{"start":{"line":5,"column":60},"end":{"line":43,"column":1}},"line":5},"1":{"name":"(anonymous_1)","decl":{"start":{"line":7,"column":24},"end":{"line":7,"column":25}},"loc":{"start":{"line":7,"column":34},"end":{"line":18,"column":3}},"line":7},"2":{"name":"(anonymous_2)","decl":{"start":{"line":27,"column":22},"end":{"line":27,"column":23}},"loc":{"start":{"line":27,"column":31},"end":{"line":27,"column":67}},"line":27}},"branchMap":{},"s":{"0":3,"1":2,"2":0,"3":0,"4":2,"5":1,"6":3},"f":{"0":2,"1":0,"2":1},"b":{},"_coverageSchema":"1a1c01bbd47fc00a2c39e90264f33305004495a9","hash":"b4ec7e1086cfcb6b873bbae6c7b41b02814e5d6e"}
,"/Users/bjaztin/Desktop/taskManagerApp/src/components/TaskScreenFeatures/AddImage.js": {"path":"/Users/bjaztin/Desktop/taskManagerApp/src/components/TaskScreenFeatures/AddImage.js","statementMap":{"0":{"start":{"line":6,"column":17},"end":{"line":44,"column":1}},"1":{"start":{"line":8,"column":28},"end":{"line":8,"column":51}},"2":{"start":{"line":10,"column":22},"end":{"line":25,"column":3}},"3":{"start":{"line":11,"column":17},"end":{"line":16,"column":6}},"4":{"start":{"line":18,"column":4},"end":{"line":18,"column":24}},"5":{"start":{"line":20,"column":4},"end":{"line":24,"column":5}},"6":{"start":{"line":21,"column":28},"end":{"line":21,"column":44}},"7":{"start":{"line":22,"column":6},"end":{"line":22,"column":34}},"8":{"start":{"line":23,"column":6},"end":{"line":23,"column":41}},"9":{"start":{"line":27,"column":2},"end":{"line":43,"column":4}},"10":{"start":{"line":48,"column":15},"end":{"line":61,"column":2}}},"fnMap":{"0":{"name":"(anonymous_0)","decl":{"start":{"line":6,"column":17},"end":{"line":6,"column":18}},"loc":{"start":{"line":6,"column":57},"end":{"line":44,"column":1}},"line":6},"1":{"name":"(anonymous_1)","decl":{"start":{"line":10,"column":22},"end":{"line":10,"column":23}},"loc":{"start":{"line":10,"column":34},"end":{"line":25,"column":3}},"line":10}},"branchMap":{"0":{"loc":{"start":{"line":20,"column":4},"end":{"line":24,"column":5}},"type":"if","locations":[{"start":{"line":20,"column":4},"end":{"line":24,"column":5}},{"start":{},"end":{}}],"line":20},"1":{"loc":{"start":{"line":34,"column":9},"end":{"line":40,"column":9}},"type":"binary-expr","locations":[{"start":{"line":34,"column":9},"end":{"line":34,"column":14}},{"start":{"line":35,"column":10},"end":{"line":39,"column":12}}],"line":34}},"s":{"0":3,"1":1,"2":1,"3":0,"4":0,"5":0,"6":0,"7":0,"8":0,"9":1,"10":3},"f":{"0":1,"1":0},"b":{"0":[0,0],"1":[1,1]},"_coverageSchema":"1a1c01bbd47fc00a2c39e90264f33305004495a9","hash":"57de400f8239f263602c7426c173f62a03d1e785"}
,"/Users/bjaztin/Desktop/taskManagerApp/src/components/TaskScreenFeatures/CustomGreeting.js": {"path":"/Users/bjaztin/Desktop/taskManagerApp/src/components/TaskScreenFeatures/CustomGreeting.js","statementMap":{"0":{"start":{"line":6,"column":23},"end":{"line":56,"column":3}},"1":{"start":{"line":7,"column":46},"end":{"line":7,"column":58}},"2":{"start":{"line":8,"column":34},"end":{"line":8,"column":46}},"3":{"start":{"line":10,"column":2},"end":{"line":21,"column":9}},"4":{"start":{"line":11,"column":17},"end":{"line":11,"column":27}},"5":{"start":{"line":12,"column":17},"end":{"line":12,"column":32}},"6":{"start":{"line":14,"column":4},"end":{"line":20,"column":5}},"7":{"start":{"line":15,"column":6},"end":{"line":15,"column":40}},"8":{"start":{"line":16,"column":11},"end":{"line":20,"column":5}},"9":{"start":{"line":17,"column":6},"end":{"line":17,"column":42}},"10":{"start":{"line":19,"column":6},"end":{"line":19,"column":40}},"11":{"start":{"line":25,"column":2},"end":{"line":45,"column":9}},"12":{"start":{"line":26,"column":26},"end":{"line":42,"column":5}},"13":{"start":{"line":27,"column":6},"end":{"line":41,"column":7}},"14":{"start":{"line":28,"column":23},"end":{"line":28,"column":44}},"15":{"start":{"line":29,"column":8},"end":{"line":38,"column":9}},"16":{"start":{"line":30,"column":26},"end":{"line":30,"column":50}},"17":{"start":{"line":31,"column":31},"end":{"line":31,"column":52}},"18":{"start":{"line":32,"column":10},"end":{"line":37,"column":11}},"19":{"start":{"line":33,"column":29},"end":{"line":33,"column":48}},"20":{"start":{"line":34,"column":12},"end":{"line":34,"column":39}},"21":{"start":{"line":36,"column":12},"end":{"line":36,"column":52}},"22":{"start":{"line":40,"column":8},"end":{"line":40,"column":58}},"23":{"start":{"line":44,"column":4},"end":{"line":44,"column":20}},"24":{"start":{"line":47,"column":4},"end":{"line":54,"column":6}},"25":{"start":{"line":60,"column":15},"end":{"line":65,"column":2}}},"fnMap":{"0":{"name":"(anonymous_0)","decl":{"start":{"line":6,"column":23},"end":{"line":6,"column":24}},"loc":{"start":{"line":6,"column":29},"end":{"line":56,"column":3}},"line":6},"1":{"name":"(anonymous_1)","decl":{"start":{"line":10,"column":12},"end":{"line":10,"column":13}},"loc":{"start":{"line":10,"column":18},"end":{"line":21,"column":3}},"line":10},"2":{"name":"(anonymous_2)","decl":{"start":{"line":25,"column":12},"end":{"line":25,"column":13}},"loc":{"start":{"line":25,"column":18},"end":{"line":45,"column":3}},"line":25},"3":{"name":"(anonymous_3)","decl":{"start":{"line":26,"column":26},"end":{"line":26,"column":27}},"loc":{"start":{"line":26,"column":38},"end":{"line":42,"column":5}},"line":26}},"branchMap":{"0":{"loc":{"start":{"line":14,"column":4},"end":{"line":20,"column":5}},"type":"if","locations":[{"start":{"line":14,"column":4},"end":{"line":20,"column":5}},{"start":{"line":16,"column":11},"end":{"line":20,"column":5}}],"line":14},"1":{"loc":{"start":{"line":16,"column":11},"end":{"line":20,"column":5}},"type":"if","locations":[{"start":{"line":16,"column":11},"end":{"line":20,"column":5}},{"start":{"line":18,"column":11},"end":{"line":20,"column":5}}],"line":16},"2":{"loc":{"start":{"line":29,"column":8},"end":{"line":38,"column":9}},"type":"if","locations":[{"start":{"line":29,"column":8},"end":{"line":38,"column":9}},{"start":{},"end":{}}],"line":29},"3":{"loc":{"start":{"line":32,"column":10},"end":{"line":37,"column":11}},"type":"if","locations":[{"start":{"line":32,"column":10},"end":{"line":37,"column":11}},{"start":{"line":35,"column":17},"end":{"line":37,"column":11}}],"line":32}},"s":{"0":3,"1":10,"2":10,"3":10,"4":5,"5":5,"6":5,"7":1,"8":4,"9":1,"10":3,"11":10,"12":5,"13":5,"14":5,"15":2,"16":2,"17":2,"18":2,"19":0,"20":0,"21":0,"22":5,"23":5,"24":10,"25":3},"f":{"0":10,"1":5,"2":5,"3":5},"b":{"0":[1,4],"1":[1,3],"2":[2,0],"3":[0,0]},"_coverageSchema":"1a1c01bbd47fc00a2c39e90264f33305004495a9","hash":"dcfe385161c646cf01e30ffd63b6e9f40ac120c9"}
,"/Users/bjaztin/Desktop/taskManagerApp/src/components/TaskScreenFeatures/ImagePreview.js": {"path":"/Users/bjaztin/Desktop/taskManagerApp/src/components/TaskScreenFeatures/ImagePreview.js","statementMap":{"0":{"start":{"line":11,"column":21},"end":{"line":35,"column":1}},"1":{"start":{"line":13,"column":2},"end":{"line":34,"column":4}},"2":{"start":{"line":39,"column":15},"end":{"line":64,"column":2}}},"fnMap":{"0":{"name":"(anonymous_0)","decl":{"start":{"line":11,"column":21},"end":{"line":11,"column":22}},"loc":{"start":{"line":11,"column":57},"end":{"line":35,"column":1}},"line":11}},"branchMap":{},"s":{"0":3,"1":3,"2":3},"f":{"0":3},"b":{},"_coverageSchema":"1a1c01bbd47fc00a2c39e90264f33305004495a9","hash":"f2b8f70027a73d0f21d568858b78185388e88189"}
,"/Users/bjaztin/Desktop/taskManagerApp/src/components/TaskScreenFeatures/SetEndTime.js": {"path":"/Users/bjaztin/Desktop/taskManagerApp/src/components/TaskScreenFeatures/SetEndTime.js","statementMap":{"0":{"start":{"line":5,"column":19},"end":{"line":53,"column":1}},"1":{"start":{"line":7,"column":40},"end":{"line":7,"column":55}},"2":{"start":{"line":8,"column":48},"end":{"line":8,"column":62}},"3":{"start":{"line":10,"column":25},"end":{"line":12,"column":3}},"4":{"start":{"line":11,"column":4},"end":{"line":11,"column":24}},"5":{"start":{"line":14,"column":24},"end":{"line":20,"column":3}},"6":{"start":{"line":15,"column":4},"end":{"line":19,"column":5}},"7":{"start":{"line":16,"column":6},"end":{"line":16,"column":54}},"8":{"start":{"line":17,"column":6},"end":{"line":17,"column":36}},"9":{"start":{"line":18,"column":6},"end":{"line":18,"column":31}},"10":{"start":{"line":22,"column":2},"end":{"line":52,"column":4}},"11":{"start":{"line":30,"column":12},"end":{"line":30,"column":33}},"12":{"start":{"line":31,"column":12},"end":{"line":35,"column":13}},"13":{"start":{"line":32,"column":14},"end":{"line":32,"column":31}},"14":{"start":{"line":34,"column":14},"end":{"line":34,"column":34}},"15":{"start":{"line":48,"column":37},"end":{"line":48,"column":56}},"16":{"start":{"line":57,"column":15},"end":{"line":76,"column":2}}},"fnMap":{"0":{"name":"(anonymous_0)","decl":{"start":{"line":5,"column":19},"end":{"line":5,"column":20}},"loc":{"start":{"line":5,"column":52},"end":{"line":53,"column":1}},"line":5},"1":{"name":"(anonymous_1)","decl":{"start":{"line":10,"column":25},"end":{"line":10,"column":26}},"loc":{"start":{"line":10,"column":31},"end":{"line":12,"column":3}},"line":10},"2":{"name":"(anonymous_2)","decl":{"start":{"line":14,"column":24},"end":{"line":14,"column":25}},"loc":{"start":{"line":14,"column":34},"end":{"line":20,"column":3}},"line":14},"3":{"name":"(anonymous_3)","decl":{"start":{"line":29,"column":25},"end":{"line":29,"column":26}},"loc":{"start":{"line":29,"column":36},"end":{"line":36,"column":11}},"line":29},"4":{"name":"(anonymous_4)","decl":{"start":{"line":48,"column":20},"end":{"line":48,"column":21}},"loc":{"start":{"line":48,"column":37},"end":{"line":48,"column":56}},"line":48}},"branchMap":{"0":{"loc":{"start":{"line":15,"column":4},"end":{"line":19,"column":5}},"type":"if","locations":[{"start":{"line":15,"column":4},"end":{"line":19,"column":5}},{"start":{},"end":{}}],"line":15},"1":{"loc":{"start":{"line":31,"column":12},"end":{"line":35,"column":13}},"type":"if","locations":[{"start":{"line":31,"column":12},"end":{"line":35,"column":13}},{"start":{"line":33,"column":19},"end":{"line":35,"column":13}}],"line":31},"2":{"loc":{"start":{"line":41,"column":7},"end":{"line":50,"column":7}},"type":"binary-expr","locations":[{"start":{"line":41,"column":7},"end":{"line":41,"column":19}},{"start":{"line":42,"column":8},"end":{"line":49,"column":10}}],"line":41},"3":{"loc":{"start":{"line":44,"column":17},"end":{"line":44,"column":46}},"type":"binary-expr","locations":[{"start":{"line":44,"column":17},"end":{"line":44,"column":32}},{"start":{"line":44,"column":36},"end":{"line":44,"column":46}}],"line":44}},"s":{"0":3,"1":1,"2":1,"3":1,"4":0,"5":1,"6":0,"7":0,"8":0,"9":0,"10":1,"11":0,"12":0,"13":0,"14":0,"15":0,"16":3},"f":{"0":1,"1":0,"2":0,"3":0,"4":0},"b":{"0":[0,0],"1":[0,0],"2":[1,0],"3":[0,0]},"_coverageSchema":"1a1c01bbd47fc00a2c39e90264f33305004495a9","hash":"af6689804e73a3cdead90e090b2b4ce0a938cf7d"}
,"/Users/bjaztin/Desktop/taskManagerApp/src/components/TaskScreenFeatures/SetTime.js": {"path":"/Users/bjaztin/Desktop/taskManagerApp/src/components/TaskScreenFeatures/SetTime.js","statementMap":{"0":{"start":{"line":5,"column":16},"end":{"line":50,"column":1}},"1":{"start":{"line":6,"column":40},"end":{"line":6,"column":55}},"2":{"start":{"line":8,"column":25},"end":{"line":10,"column":3}},"3":{"start":{"line":9,"column":4},"end":{"line":9,"column":24}},"4":{"start":{"line":12,"column":24},"end":{"line":17,"column":3}},"5":{"start":{"line":13,"column":4},"end":{"line":16,"column":5}},"6":{"start":{"line":14,"column":6},"end":{"line":14,"column":33}},"7":{"start":{"line":15,"column":6},"end":{"line":15,"column":19}},"8":{"start":{"line":19,"column":2},"end":{"line":49,"column":4}},"9":{"start":{"line":27,"column":12},"end":{"line":27,"column":33}},"10":{"start":{"line":28,"column":12},"end":{"line":32,"column":13}},"11":{"start":{"line":29,"column":14},"end":{"line":29,"column":31}},"12":{"start":{"line":31,"column":14},"end":{"line":31,"column":34}},"13":{"start":{"line":44,"column":37},"end":{"line":44,"column":56}},"14":{"start":{"line":54,"column":15},"end":{"line":73,"column":2}}},"fnMap":{"0":{"name":"(anonymous_0)","decl":{"start":{"line":5,"column":16},"end":{"line":5,"column":17}},"loc":{"start":{"line":5,"column":60},"end":{"line":50,"column":1}},"line":5},"1":{"name":"(anonymous_1)","decl":{"start":{"line":8,"column":25},"end":{"line":8,"column":26}},"loc":{"start":{"line":8,"column":31},"end":{"line":10,"column":3}},"line":8},"2":{"name":"(anonymous_2)","decl":{"start":{"line":12,"column":24},"end":{"line":12,"column":25}},"loc":{"start":{"line":12,"column":34},"end":{"line":17,"column":3}},"line":12},"3":{"name":"(anonymous_3)","decl":{"start":{"line":26,"column":25},"end":{"line":26,"column":26}},"loc":{"start":{"line":26,"column":36},"end":{"line":33,"column":11}},"line":26},"4":{"name":"(anonymous_4)","decl":{"start":{"line":44,"column":20},"end":{"line":44,"column":21}},"loc":{"start":{"line":44,"column":37},"end":{"line":44,"column":56}},"line":44}},"branchMap":{"0":{"loc":{"start":{"line":13,"column":4},"end":{"line":16,"column":5}},"type":"if","locations":[{"start":{"line":13,"column":4},"end":{"line":16,"column":5}},{"start":{},"end":{}}],"line":13},"1":{"loc":{"start":{"line":28,"column":12},"end":{"line":32,"column":13}},"type":"if","locations":[{"start":{"line":28,"column":12},"end":{"line":32,"column":13}},{"start":{"line":30,"column":19},"end":{"line":32,"column":13}}],"line":28},"2":{"loc":{"start":{"line":38,"column":7},"end":{"line":47,"column":7}},"type":"binary-expr","locations":[{"start":{"line":38,"column":7},"end":{"line":38,"column":19}},{"start":{"line":39,"column":8},"end":{"line":46,"column":10}}],"line":38}},"s":{"0":3,"1":1,"2":1,"3":0,"4":1,"5":0,"6":0,"7":0,"8":1,"9":0,"10":0,"11":0,"12":0,"13":0,"14":3},"f":{"0":1,"1":0,"2":0,"3":0,"4":0},"b":{"0":[0,0],"1":[0,0],"2":[1,0]},"_coverageSchema":"1a1c01bbd47fc00a2c39e90264f33305004495a9","hash":"d90c9330a6e596221d0c1691b21d62039a74fdf8"}
,"/Users/bjaztin/Desktop/taskManagerApp/src/components/TaskScreenFeatures/SignOut.js": {"path":"/Users/bjaztin/Desktop/taskManagerApp/src/components/TaskScreenFeatures/SignOut.js","statementMap":{"0":{"start":{"line":9,"column":16},"end":{"line":65,"column":1}},"1":{"start":{"line":11,"column":21},"end":{"line":11,"column":36}},"2":{"start":{"line":12,"column":42},"end":{"line":12,"column":57}},"3":{"start":{"line":14,"column":24},"end":{"line":21,"column":3}},"4":{"start":{"line":15,"column":4},"end":{"line":20,"column":46}},"5":{"start":{"line":17,"column":8},"end":{"line":17,"column":31}},"6":{"start":{"line":18,"column":8},"end":{"line":18,"column":42}},"7":{"start":{"line":20,"column":24},"end":{"line":20,"column":44}},"8":{"start":{"line":23,"column":2},"end":{"line":64,"column":4}},"9":{"start":{"line":32,"column":12},"end":{"line":32,"column":50}},"10":{"start":{"line":33,"column":12},"end":{"line":33,"column":43}},"11":{"start":{"line":44,"column":33},"end":{"line":44,"column":63}},"12":{"start":{"line":60,"column":55},"end":{"line":60,"column":76}},"13":{"start":{"line":69,"column":15},"end":{"line":117,"column":2}}},"fnMap":{"0":{"name":"(anonymous_0)","decl":{"start":{"line":9,"column":16},"end":{"line":9,"column":17}},"loc":{"start":{"line":9,"column":22},"end":{"line":65,"column":1}},"line":9},"1":{"name":"(anonymous_1)","decl":{"start":{"line":14,"column":24},"end":{"line":14,"column":25}},"loc":{"start":{"line":14,"column":30},"end":{"line":21,"column":3}},"line":14},"2":{"name":"(anonymous_2)","decl":{"start":{"line":16,"column":12},"end":{"line":16,"column":13}},"loc":{"start":{"line":16,"column":18},"end":{"line":19,"column":7}},"line":16},"3":{"name":"(anonymous_3)","decl":{"start":{"line":20,"column":13},"end":{"line":20,"column":14}},"loc":{"start":{"line":20,"column":24},"end":{"line":20,"column":44}},"line":20},"4":{"name":"(anonymous_4)","decl":{"start":{"line":31,"column":26},"end":{"line":31,"column":27}},"loc":{"start":{"line":31,"column":32},"end":{"line":34,"column":11}},"line":31},"5":{"name":"(anonymous_5)","decl":{"start":{"line":44,"column":27},"end":{"line":44,"column":28}},"loc":{"start":{"line":44,"column":33},"end":{"line":44,"column":63}},"line":44},"6":{"name":"(anonymous_6)","decl":{"start":{"line":60,"column":49},"end":{"line":60,"column":50}},"loc":{"start":{"line":60,"column":55},"end":{"line":60,"column":76}},"line":60}},"branchMap":{},"s":{"0":3,"1":8,"2":8,"3":8,"4":0,"5":0,"6":0,"7":0,"8":8,"9":0,"10":0,"11":1,"12":2,"13":3},"f":{"0":8,"1":0,"2":0,"3":0,"4":0,"5":1,"6":2},"b":{},"_coverageSchema":"1a1c01bbd47fc00a2c39e90264f33305004495a9","hash":"d61e89da92f767608c9e0db20632fd0722a34a55"}
,"/Users/bjaztin/Desktop/taskManagerApp/src/screens/BottomTab.js": {"path":"/Users/bjaztin/Desktop/taskManagerApp/src/screens/BottomTab.js","statementMap":{"0":{"start":{"line":8,"column":27},"end":{"line":76,"column":1}},"1":{"start":{"line":10,"column":14},"end":{"line":10,"column":40}},"2":{"start":{"line":12,"column":2},"end":{"line":75,"column":4}},"3":{"start":{"line":44,"column":12},"end":{"line":44,"column":66}},"4":{"start":{"line":56,"column":12},"end":{"line":60,"column":14}},"5":{"start":{"line":70,"column":12},"end":{"line":70,"column":67}}},"fnMap":{"0":{"name":"(anonymous_0)","decl":{"start":{"line":8,"column":27},"end":{"line":8,"column":28}},"loc":{"start":{"line":8,"column":33},"end":{"line":76,"column":1}},"line":8},"1":{"name":"(anonymous_1)","decl":{"start":{"line":43,"column":22},"end":{"line":43,"column":23}},"loc":{"start":{"line":44,"column":12},"end":{"line":44,"column":66}},"line":44},"2":{"name":"(anonymous_2)","decl":{"start":{"line":55,"column":22},"end":{"line":55,"column":23}},"loc":{"start":{"line":56,"column":12},"end":{"line":60,"column":14}},"line":56},"3":{"name":"(anonymous_3)","decl":{"start":{"line":69,"column":22},"end":{"line":69,"column":23}},"loc":{"start":{"line":70,"column":12},"end":{"line":70,"column":67}},"line":70}},"branchMap":{},"s":{"0":1,"1":1,"2":1,"3":0,"4":0,"5":0},"f":{"0":1,"1":0,"2":0,"3":0},"b":{},"_coverageSchema":"1a1c01bbd47fc00a2c39e90264f33305004495a9","hash":"dac3eff7c27632d7144b1645f0fb7af35b746f88"}
,"/Users/bjaztin/Desktop/taskManagerApp/src/screens/LogIn.js": {"path":"/Users/bjaztin/Desktop/taskManagerApp/src/screens/LogIn.js","statementMap":{"0":{"start":{"line":13,"column":14},"end":{"line":76,"column":1}},"1":{"start":{"line":14,"column":28},"end":{"line":14,"column":40}},"2":{"start":{"line":15,"column":34},"end":{"line":15,"column":46}},"3":{"start":{"line":16,"column":42},"end":{"line":16,"column":54}},"4":{"start":{"line":18,"column":23},"end":{"line":31,"column":3}},"5":{"start":{"line":19,"column":4},"end":{"line":30,"column":9}},"6":{"start":{"line":21,"column":8},"end":{"line":21,"column":56}},"7":{"start":{"line":22,"column":21},"end":{"line":22,"column":40}},"8":{"start":{"line":23,"column":8},"end":{"line":23,"column":42}},"9":{"start":{"line":24,"column":8},"end":{"line":24,"column":41}},"10":{"start":{"line":28,"column":8},"end":{"line":28,"column":47}},"11":{"start":{"line":29,"column":8},"end":{"line":29,"column":56}},"12":{"start":{"line":33,"column":2},"end":{"line":75,"column":4}},"13":{"start":{"line":44,"column":34},"end":{"line":44,"column":48}},"14":{"start":{"line":52,"column":34},"end":{"line":52,"column":51}},"15":{"start":{"line":70,"column":41},"end":{"line":70,"column":72}},"16":{"start":{"line":80,"column":15},"end":{"line":134,"column":2}}},"fnMap":{"0":{"name":"(anonymous_0)","decl":{"start":{"line":13,"column":14},"end":{"line":13,"column":15}},"loc":{"start":{"line":13,"column":34},"end":{"line":76,"column":1}},"line":13},"1":{"name":"(anonymous_1)","decl":{"start":{"line":18,"column":23},"end":{"line":18,"column":24}},"loc":{"start":{"line":18,"column":29},"end":{"line":31,"column":3}},"line":18},"2":{"name":"(anonymous_2)","decl":{"start":{"line":20,"column":12},"end":{"line":20,"column":13}},"loc":{"start":{"line":20,"column":32},"end":{"line":25,"column":7}},"line":20},"3":{"name":"(anonymous_3)","decl":{"start":{"line":27,"column":13},"end":{"line":27,"column":14}},"loc":{"start":{"line":27,"column":24},"end":{"line":30,"column":7}},"line":27},"4":{"name":"(anonymous_4)","decl":{"start":{"line":44,"column":24},"end":{"line":44,"column":25}},"loc":{"start":{"line":44,"column":34},"end":{"line":44,"column":48}},"line":44},"5":{"name":"(anonymous_5)","decl":{"start":{"line":52,"column":24},"end":{"line":52,"column":25}},"loc":{"start":{"line":52,"column":34},"end":{"line":52,"column":51}},"line":52},"6":{"name":"(anonymous_6)","decl":{"start":{"line":70,"column":35},"end":{"line":70,"column":36}},"loc":{"start":{"line":70,"column":41},"end":{"line":70,"column":72}},"line":70}},"branchMap":{},"s":{"0":1,"1":5,"2":5,"3":5,"4":5,"5":1,"6":1,"7":1,"8":1,"9":1,"10":1,"11":1,"12":5,"13":1,"14":1,"15":0,"16":1},"f":{"0":5,"1":1,"2":1,"3":1,"4":1,"5":1,"6":0},"b":{},"_coverageSchema":"1a1c01bbd47fc00a2c39e90264f33305004495a9","hash":"0482b0e8a897c40962ab68bfeb9a972340c258d5"}
,"/Users/bjaztin/Desktop/taskManagerApp/src/screens/MeditationScreen.js": {"path":"/Users/bjaztin/Desktop/taskManagerApp/src/screens/MeditationScreen.js","statementMap":{"0":{"start":{"line":7,"column":25},"end":{"line":63,"column":1}},"1":{"start":{"line":8,"column":30},"end":{"line":8,"column":42}},"2":{"start":{"line":9,"column":38},"end":{"line":9,"column":52}},"3":{"start":{"line":11,"column":31},"end":{"line":13,"column":3}},"4":{"start":{"line":12,"column":4},"end":{"line":12,"column":42}},"5":{"start":{"line":15,"column":26},"end":{"line":17,"column":3}},"6":{"start":{"line":16,"column":4},"end":{"line":16,"column":78}},"7":{"start":{"line":19,"column":2},"end":{"line":21,"column":9}},"8":{"start":{"line":20,"column":4},"end":{"line":20,"column":18}},"9":{"start":{"line":23,"column":22},"end":{"line":30,"column":3}},"10":{"start":{"line":24,"column":4},"end":{"line":29,"column":41}},"11":{"start":{"line":26,"column":8},"end":{"line":26,"column":29}},"12":{"start":{"line":27,"column":8},"end":{"line":27,"column":29}},"13":{"start":{"line":29,"column":19},"end":{"line":29,"column":39}},"14":{"start":{"line":32,"column":24},"end":{"line":35,"column":3}},"15":{"start":{"line":33,"column":4},"end":{"line":33,"column":24}},"16":{"start":{"line":34,"column":4},"end":{"line":34,"column":18}},"17":{"start":{"line":37,"column":28},"end":{"line":40,"column":3}},"18":{"start":{"line":38,"column":4},"end":{"line":38,"column":45}},"19":{"start":{"line":39,"column":4},"end":{"line":39,"column":65}},"20":{"start":{"line":42,"column":2},"end":{"line":62,"column":4}},"21":{"start":{"line":48,"column":10},"end":{"line":55,"column":12}},"22":{"start":{"line":52,"column":14},"end":{"line":52,"column":74}},"23":{"start":{"line":54,"column":41},"end":{"line":54,"column":68}},"24":{"start":{"line":57,"column":32},"end":{"line":57,"column":39}},"25":{"start":{"line":65,"column":0},"end":{"line":68,"column":2}},"26":{"start":{"line":72,"column":15},"end":{"line":77,"column":2}}},"fnMap":{"0":{"name":"(anonymous_0)","decl":{"start":{"line":7,"column":25},"end":{"line":7,"column":26}},"loc":{"start":{"line":7,"column":66},"end":{"line":63,"column":1}},"line":7},"1":{"name":"(anonymous_1)","decl":{"start":{"line":11,"column":31},"end":{"line":11,"column":32}},"loc":{"start":{"line":11,"column":37},"end":{"line":13,"column":3}},"line":11},"2":{"name":"(anonymous_2)","decl":{"start":{"line":15,"column":26},"end":{"line":15,"column":27}},"loc":{"start":{"line":15,"column":49},"end":{"line":17,"column":3}},"line":15},"3":{"name":"(anonymous_3)","decl":{"start":{"line":19,"column":12},"end":{"line":19,"column":13}},"loc":{"start":{"line":19,"column":18},"end":{"line":21,"column":3}},"line":19},"4":{"name":"(anonymous_4)","decl":{"start":{"line":23,"column":22},"end":{"line":23,"column":23}},"loc":{"start":{"line":23,"column":28},"end":{"line":30,"column":3}},"line":23},"5":{"name":"(anonymous_5)","decl":{"start":{"line":25,"column":12},"end":{"line":25,"column":13}},"loc":{"start":{"line":25,"column":27},"end":{"line":28,"column":7}},"line":25},"6":{"name":"(anonymous_6)","decl":{"start":{"line":29,"column":13},"end":{"line":29,"column":14}},"loc":{"start":{"line":29,"column":19},"end":{"line":29,"column":39}},"line":29},"7":{"name":"(anonymous_7)","decl":{"start":{"line":32,"column":24},"end":{"line":32,"column":25}},"loc":{"start":{"line":32,"column":30},"end":{"line":35,"column":3}},"line":32},"8":{"name":"(anonymous_8)","decl":{"start":{"line":37,"column":28},"end":{"line":37,"column":29}},"loc":{"start":{"line":37,"column":42},"end":{"line":40,"column":3}},"line":37},"9":{"name":"(anonymous_9)","decl":{"start":{"line":47,"column":20},"end":{"line":47,"column":21}},"loc":{"start":{"line":48,"column":10},"end":{"line":55,"column":12}},"line":48},"10":{"name":"(anonymous_10)","decl":{"start":{"line":51,"column":25},"end":{"line":51,"column":26}},"loc":{"start":{"line":52,"column":14},"end":{"line":52,"column":74}},"line":52},"11":{"name":"(anonymous_11)","decl":{"start":{"line":54,"column":27},"end":{"line":54,"column":28}},"loc":{"start":{"line":54,"column":41},"end":{"line":54,"column":68}},"line":54},"12":{"name":"(anonymous_12)","decl":{"start":{"line":57,"column":22},"end":{"line":57,"column":23}},"loc":{"start":{"line":57,"column":32},"end":{"line":57,"column":39}},"line":57}},"branchMap":{},"s":{"0":2,"1":6,"2":6,"3":6,"4":0,"5":6,"6":0,"7":6,"8":2,"9":6,"10":2,"11":2,"12":2,"13":0,"14":6,"15":0,"16":0,"17":6,"18":0,"19":0,"20":6,"21":0,"22":0,"23":0,"24":0,"25":2,"26":2},"f":{"0":6,"1":0,"2":0,"3":2,"4":2,"5":2,"6":0,"7":0,"8":0,"9":0,"10":0,"11":0,"12":0},"b":{},"_coverageSchema":"1a1c01bbd47fc00a2c39e90264f33305004495a9","hash":"916526b81009b7cf7cb438e609b3b1cb256c5c6e"}
,"/Users/bjaztin/Desktop/taskManagerApp/src/screens/OnBoarding.js": {"path":"/Users/bjaztin/Desktop/taskManagerApp/src/screens/OnBoarding.js","statementMap":{"0":{"start":{"line":4,"column":19},"end":{"line":40,"column":1}},"1":{"start":{"line":5,"column":2},"end":{"line":39,"column":4}},"2":{"start":{"line":33,"column":25},"end":{"line":33,"column":53}},"3":{"start":{"line":44,"column":15},"end":{"line":107,"column":2}}},"fnMap":{"0":{"name":"(anonymous_0)","decl":{"start":{"line":4,"column":19},"end":{"line":4,"column":20}},"loc":{"start":{"line":4,"column":39},"end":{"line":40,"column":1}},"line":4},"1":{"name":"(anonymous_1)","decl":{"start":{"line":33,"column":19},"end":{"line":33,"column":20}},"loc":{"start":{"line":33,"column":25},"end":{"line":33,"column":53}},"line":33}},"branchMap":{},"s":{"0":1,"1":2,"2":1,"3":1},"f":{"0":2,"1":1},"b":{},"_coverageSchema":"1a1c01bbd47fc00a2c39e90264f33305004495a9","hash":"ba36bd2affe348b4f027afc3615fb6b2fff33194"}
,"/Users/bjaztin/Desktop/taskManagerApp/src/screens/PomodoroScreen.js": {"path":"/Users/bjaztin/Desktop/taskManagerApp/src/screens/PomodoroScreen.js","statementMap":{"0":{"start":{"line":13,"column":23},"end":{"line":175,"column":1}},"1":{"start":{"line":14,"column":20},"end":{"line":19,"column":3}},"2":{"start":{"line":21,"column":48},"end":{"line":21,"column":59}},"3":{"start":{"line":22,"column":32},"end":{"line":22,"column":77}},"4":{"start":{"line":23,"column":32},"end":{"line":23,"column":43}},"5":{"start":{"line":24,"column":32},"end":{"line":24,"column":47}},"6":{"start":{"line":25,"column":26},"end":{"line":25,"column":43}},"7":{"start":{"line":27,"column":36},"end":{"line":27,"column":46}},"8":{"start":{"line":29,"column":36},"end":{"line":29,"column":46}},"9":{"start":{"line":31,"column":2},"end":{"line":46,"column":9}},"10":{"start":{"line":33,"column":24},"end":{"line":35,"column":7}},"11":{"start":{"line":36,"column":6},"end":{"line":36,"column":26}},"12":{"start":{"line":39,"column":4},"end":{"line":39,"column":20}},"13":{"start":{"line":41,"column":4},"end":{"line":45,"column":6}},"14":{"start":{"line":42,"column":6},"end":{"line":44,"column":7}},"15":{"start":{"line":43,"column":8},"end":{"line":43,"column":32}},"16":{"start":{"line":48,"column":2},"end":{"line":63,"column":9}},"17":{"start":{"line":50,"column":24},"end":{"line":52,"column":7}},"18":{"start":{"line":53,"column":6},"end":{"line":53,"column":26}},"19":{"start":{"line":56,"column":4},"end":{"line":56,"column":20}},"20":{"start":{"line":58,"column":4},"end":{"line":62,"column":6}},"21":{"start":{"line":59,"column":6},"end":{"line":61,"column":7}},"22":{"start":{"line":60,"column":8},"end":{"line":60,"column":32}},"23":{"start":{"line":65,"column":35},"end":{"line":88,"column":3}},"24":{"start":{"line":66,"column":4},"end":{"line":66,"column":55}},"25":{"start":{"line":69,"column":6},"end":{"line":69,"column":72}},"26":{"start":{"line":70,"column":21},"end":{"line":70,"column":49}},"27":{"start":{"line":72,"column":4},"end":{"line":72,"column":37}},"28":{"start":{"line":73,"column":4},"end":{"line":73,"column":49}},"29":{"start":{"line":74,"column":4},"end":{"line":74,"column":18}},"30":{"start":{"line":75,"column":4},"end":{"line":75,"column":22}},"31":{"start":{"line":77,"column":4},"end":{"line":87,"column":5}},"32":{"start":{"line":79,"column":6},"end":{"line":79,"column":62}},"33":{"start":{"line":80,"column":6},"end":{"line":80,"column":48}},"34":{"start":{"line":81,"column":6},"end":{"line":81,"column":24}},"35":{"start":{"line":82,"column":6},"end":{"line":84,"column":7}},"36":{"start":{"line":83,"column":8},"end":{"line":83,"column":32}},"37":{"start":{"line":85,"column":6},"end":{"line":85,"column":26}},"38":{"start":{"line":90,"column":2},"end":{"line":124,"column":51}},"39":{"start":{"line":91,"column":4},"end":{"line":91,"column":36}},"40":{"start":{"line":95,"column":4},"end":{"line":119,"column":5}},"41":{"start":{"line":96,"column":6},"end":{"line":96,"column":39}},"42":{"start":{"line":97,"column":6},"end":{"line":113,"column":15}},"43":{"start":{"line":98,"column":8},"end":{"line":112,"column":9}},"44":{"start":{"line":99,"column":10},"end":{"line":109,"column":11}},"45":{"start":{"line":100,"column":12},"end":{"line":100,"column":36}},"46":{"start":{"line":101,"column":12},"end":{"line":101,"column":39}},"47":{"start":{"line":102,"column":12},"end":{"line":104,"column":13}},"48":{"start":{"line":103,"column":14},"end":{"line":103,"column":38}},"49":{"start":{"line":105,"column":12},"end":{"line":105,"column":32}},"50":{"start":{"line":107,"column":12},"end":{"line":107,"column":36}},"51":{"start":{"line":108,"column":12},"end":{"line":108,"column":27}},"52":{"start":{"line":111,"column":10},"end":{"line":111,"column":34}},"53":{"start":{"line":114,"column":11},"end":{"line":119,"column":5}},"54":{"start":{"line":118,"column":6},"end":{"line":118,"column":30}},"55":{"start":{"line":121,"column":4},"end":{"line":123,"column":6}},"56":{"start":{"line":122,"column":6},"end":{"line":122,"column":30}},"57":{"start":{"line":126,"column":22},"end":{"line":128,"column":3}},"58":{"start":{"line":127,"column":4},"end":{"line":127,"column":25}},"59":{"start":{"line":130,"column":21},"end":{"line":136,"column":3}},"60":{"start":{"line":131,"column":4},"end":{"line":131,"column":22}},"61":{"start":{"line":132,"column":4},"end":{"line":132,"column":26}},"62":{"start":{"line":133,"column":4},"end":{"line":133,"column":38}},"63":{"start":{"line":134,"column":4},"end":{"line":134,"column":18}},"64":{"start":{"line":135,"column":4},"end":{"line":135,"column":21}},"65":{"start":{"line":138,"column":2},"end":{"line":174,"column":4}},"66":{"start":{"line":179,"column":15},"end":{"line":235,"column":2}}},"fnMap":{"0":{"name":"(anonymous_0)","decl":{"start":{"line":13,"column":23},"end":{"line":13,"column":24}},"loc":{"start":{"line":13,"column":29},"end":{"line":175,"column":1}},"line":13},"1":{"name":"(anonymous_1)","decl":{"start":{"line":31,"column":12},"end":{"line":31,"column":13}},"loc":{"start":{"line":31,"column":18},"end":{"line":46,"column":3}},"line":31},"2":{"name":"loadPingSound","decl":{"start":{"line":32,"column":19},"end":{"line":32,"column":32}},"loc":{"start":{"line":32,"column":35},"end":{"line":37,"column":5}},"line":32},"3":{"name":"(anonymous_3)","decl":{"start":{"line":41,"column":11},"end":{"line":41,"column":12}},"loc":{"start":{"line":41,"column":17},"end":{"line":45,"column":5}},"line":41},"4":{"name":"(anonymous_4)","decl":{"start":{"line":48,"column":12},"end":{"line":48,"column":13}},"loc":{"start":{"line":48,"column":18},"end":{"line":63,"column":3}},"line":48},"5":{"name":"loadBellSound","decl":{"start":{"line":49,"column":19},"end":{"line":49,"column":32}},"loc":{"start":{"line":49,"column":35},"end":{"line":54,"column":5}},"line":49},"6":{"name":"(anonymous_6)","decl":{"start":{"line":58,"column":11},"end":{"line":58,"column":12}},"loc":{"start":{"line":58,"column":17},"end":{"line":62,"column":5}},"line":58},"7":{"name":"(anonymous_7)","decl":{"start":{"line":65,"column":35},"end":{"line":65,"column":36}},"loc":{"start":{"line":65,"column":41},"end":{"line":88,"column":3}},"line":65},"8":{"name":"(anonymous_8)","decl":{"start":{"line":90,"column":12},"end":{"line":90,"column":13}},"loc":{"start":{"line":90,"column":18},"end":{"line":124,"column":3}},"line":90},"9":{"name":"(anonymous_9)","decl":{"start":{"line":97,"column":29},"end":{"line":97,"column":30}},"loc":{"start":{"line":97,"column":35},"end":{"line":113,"column":7}},"line":97},"10":{"name":"(anonymous_10)","decl":{"start":{"line":121,"column":11},"end":{"line":121,"column":12}},"loc":{"start":{"line":121,"column":17},"end":{"line":123,"column":5}},"line":121},"11":{"name":"(anonymous_11)","decl":{"start":{"line":126,"column":22},"end":{"line":126,"column":23}},"loc":{"start":{"line":126,"column":28},"end":{"line":128,"column":3}},"line":126},"12":{"name":"(anonymous_12)","decl":{"start":{"line":130,"column":21},"end":{"line":130,"column":22}},"loc":{"start":{"line":130,"column":27},"end":{"line":136,"column":3}},"line":130}},"branchMap":{"0":{"loc":{"start":{"line":42,"column":6},"end":{"line":44,"column":7}},"type":"if","locations":[{"start":{"line":42,"column":6},"end":{"line":44,"column":7}},{"start":{},"end":{}}],"line":42},"1":{"loc":{"start":{"line":59,"column":6},"end":{"line":61,"column":7}},"type":"if","locations":[{"start":{"line":59,"column":6},"end":{"line":61,"column":7}},{"start":{},"end":{}}],"line":59},"2":{"loc":{"start":{"line":69,"column":6},"end":{"line":69,"column":72}},"type":"cond-expr","locations":[{"start":{"line":69,"column":49},"end":{"line":69,"column":50}},{"start":{"line":69,"column":53},"end":{"line":69,"column":72}}],"line":69},"3":{"loc":{"start":{"line":77,"column":4},"end":{"line":87,"column":5}},"type":"if","locations":[{"start":{"line":77,"column":4},"end":{"line":87,"column":5}},{"start":{"line":86,"column":11},"end":{"line":87,"column":5}}],"line":77},"4":{"loc":{"start":{"line":82,"column":6},"end":{"line":84,"column":7}},"type":"if","locations":[{"start":{"line":82,"column":6},"end":{"line":84,"column":7}},{"start":{},"end":{}}],"line":82},"5":{"loc":{"start":{"line":95,"column":4},"end":{"line":119,"column":5}},"type":"if","locations":[{"start":{"line":95,"column":4},"end":{"line":119,"column":5}},{"start":{"line":114,"column":11},"end":{"line":119,"column":5}}],"line":95},"6":{"loc":{"start":{"line":95,"column":8},"end":{"line":95,"column":49}},"type":"binary-expr","locations":[{"start":{"line":95,"column":8},"end":{"line":95,"column":15}},{"start":{"line":95,"column":20},"end":{"line":95,"column":32}},{"start":{"line":95,"column":36},"end":{"line":95,"column":48}}],"line":95},"7":{"loc":{"start":{"line":98,"column":8},"end":{"line":112,"column":9}},"type":"if","locations":[{"start":{"line":98,"column":8},"end":{"line":112,"column":9}},{"start":{"line":110,"column":15},"end":{"line":112,"column":9}}],"line":98},"8":{"loc":{"start":{"line":99,"column":10},"end":{"line":109,"column":11}},"type":"if","locations":[{"start":{"line":99,"column":10},"end":{"line":109,"column":11}},{"start":{"line":106,"column":17},"end":{"line":109,"column":11}}],"line":99},"9":{"loc":{"start":{"line":102,"column":12},"end":{"line":104,"column":13}},"type":"if","locations":[{"start":{"line":102,"column":12},"end":{"line":104,"column":13}},{"start":{},"end":{}}],"line":102},"10":{"loc":{"start":{"line":114,"column":11},"end":{"line":119,"column":5}},"type":"if","locations":[{"start":{"line":114,"column":11},"end":{"line":119,"column":5}},{"start":{},"end":{}}],"line":114},"11":{"loc":{"start":{"line":115,"column":6},"end":{"line":116,"column":72}},"type":"binary-expr","locations":[{"start":{"line":115,"column":6},"end":{"line":115,"column":14}},{"start":{"line":116,"column":7},"end":{"line":116,"column":54}},{"start":{"line":116,"column":58},"end":{"line":116,"column":71}}],"line":115},"12":{"loc":{"start":{"line":142,"column":27},"end":{"line":142,"column":67}},"type":"cond-expr","locations":[{"start":{"line":142,"column":46},"end":{"line":142,"column":55}},{"start":{"line":142,"column":58},"end":{"line":142,"column":67}}],"line":142},"13":{"loc":{"start":{"line":159,"column":29},"end":{"line":159,"column":69}},"type":"cond-expr","locations":[{"start":{"line":159,"column":48},"end":{"line":159,"column":57}},{"start":{"line":159,"column":60},"end":{"line":159,"column":69}}],"line":159},"14":{"loc":{"start":{"line":164,"column":24},"end":{"line":164,"column":50}},"type":"cond-expr","locations":[{"start":{"line":164,"column":34},"end":{"line":164,"column":41}},{"start":{"line":164,"column":44},"end":{"line":164,"column":50}}],"line":164}},"s":{"0":2,"1":13,"2":13,"3":12,"4":12,"5":12,"6":12,"7":12,"8":12,"9":12,"10":3,"11":3,"12":3,"13":3,"14":3,"15":0,"16":12,"17":3,"18":3,"19":3,"20":3,"21":3,"22":0,"23":12,"24":0,"25":0,"26":0,"27":0,"28":0,"29":0,"30":0,"31":0,"32":0,"33":0,"34":0,"35":0,"36":0,"37":0,"38":12,"39":6,"40":6,"41":2,"42":2,"43":0,"44":0,"45":0,"46":0,"47":0,"48":0,"49":0,"50":0,"51":0,"52":0,"53":4,"54":0,"55":6,"56":6,"57":12,"58":3,"59":12,"60":0,"61":0,"62":0,"63":0,"64":0,"65":12,"66":2},"f":{"0":13,"1":3,"2":3,"3":3,"4":3,"5":3,"6":3,"7":0,"8":6,"9":0,"10":6,"11":3,"12":0},"b":{"0":[0,3],"1":[0,3],"2":[0,0],"3":[0,0],"4":[0,0],"5":[2,4],"6":[6,2,0],"7":[0,0],"8":[0,0],"9":[0,0],"10":[0,4],"11":[4,4,4],"12":[12,0],"13":[12,0],"14":[4,8]},"_coverageSchema":"1a1c01bbd47fc00a2c39e90264f33305004495a9","hash":"30ab3a70a9d54870dcdfc61d5380698afe077ae4"}
,"/Users/bjaztin/Desktop/taskManagerApp/src/screens/Register.js": {"path":"/Users/bjaztin/Desktop/taskManagerApp/src/screens/Register.js","statementMap":{"0":{"start":{"line":14,"column":17},"end":{"line":95,"column":1}},"1":{"start":{"line":15,"column":26},"end":{"line":15,"column":38}},"2":{"start":{"line":16,"column":28},"end":{"line":16,"column":40}},"3":{"start":{"line":17,"column":34},"end":{"line":17,"column":46}},"4":{"start":{"line":18,"column":42},"end":{"line":18,"column":54}},"5":{"start":{"line":20,"column":23},"end":{"line":39,"column":3}},"6":{"start":{"line":21,"column":4},"end":{"line":38,"column":9}},"7":{"start":{"line":23,"column":8},"end":{"line":23,"column":55}},"8":{"start":{"line":24,"column":21},"end":{"line":24,"column":56}},"9":{"start":{"line":25,"column":26},"end":{"line":25,"column":46}},"10":{"start":{"line":27,"column":8},"end":{"line":33,"column":11}},"11":{"start":{"line":31,"column":10},"end":{"line":31,"column":51}},"12":{"start":{"line":32,"column":10},"end":{"line":32,"column":43}},"13":{"start":{"line":36,"column":8},"end":{"line":36,"column":47}},"14":{"start":{"line":37,"column":8},"end":{"line":37,"column":76}},"15":{"start":{"line":41,"column":2},"end":{"line":94,"column":4}},"16":{"start":{"line":54,"column":12},"end":{"line":54,"column":26}},"17":{"start":{"line":63,"column":34},"end":{"line":63,"column":48}},"18":{"start":{"line":71,"column":34},"end":{"line":71,"column":51}},"19":{"start":{"line":89,"column":41},"end":{"line":89,"column":69}},"20":{"start":{"line":99,"column":15},"end":{"line":160,"column":2}}},"fnMap":{"0":{"name":"(anonymous_0)","decl":{"start":{"line":14,"column":17},"end":{"line":14,"column":18}},"loc":{"start":{"line":14,"column":37},"end":{"line":95,"column":1}},"line":14},"1":{"name":"(anonymous_1)","decl":{"start":{"line":20,"column":23},"end":{"line":20,"column":24}},"loc":{"start":{"line":20,"column":29},"end":{"line":39,"column":3}},"line":20},"2":{"name":"(anonymous_2)","decl":{"start":{"line":22,"column":12},"end":{"line":22,"column":13}},"loc":{"start":{"line":22,"column":32},"end":{"line":34,"column":7}},"line":22},"3":{"name":"(anonymous_3)","decl":{"start":{"line":30,"column":16},"end":{"line":30,"column":17}},"loc":{"start":{"line":30,"column":22},"end":{"line":33,"column":9}},"line":30},"4":{"name":"(anonymous_4)","decl":{"start":{"line":35,"column":13},"end":{"line":35,"column":14}},"loc":{"start":{"line":35,"column":24},"end":{"line":38,"column":7}},"line":35},"5":{"name":"(anonymous_5)","decl":{"start":{"line":53,"column":24},"end":{"line":53,"column":25}},"loc":{"start":{"line":53,"column":34},"end":{"line":55,"column":11}},"line":53},"6":{"name":"(anonymous_6)","decl":{"start":{"line":63,"column":24},"end":{"line":63,"column":25}},"loc":{"start":{"line":63,"column":34},"end":{"line":63,"column":48}},"line":63},"7":{"name":"(anonymous_7)","decl":{"start":{"line":71,"column":24},"end":{"line":71,"column":25}},"loc":{"start":{"line":71,"column":34},"end":{"line":71,"column":51}},"line":71},"8":{"name":"(anonymous_8)","decl":{"start":{"line":89,"column":35},"end":{"line":89,"column":36}},"loc":{"start":{"line":89,"column":41},"end":{"line":89,"column":69}},"line":89}},"branchMap":{},"s":{"0":1,"1":6,"2":6,"3":6,"4":6,"5":6,"6":1,"7":1,"8":1,"9":0,"10":0,"11":0,"12":0,"13":1,"14":1,"15":6,"16":1,"17":1,"18":1,"19":0,"20":1},"f":{"0":6,"1":1,"2":1,"3":0,"4":1,"5":1,"6":1,"7":1,"8":0},"b":{},"_coverageSchema":"1a1c01bbd47fc00a2c39e90264f33305004495a9","hash":"f3223efdd65eabea718891592c41df279adb1b48"}
,"/Users/bjaztin/Desktop/taskManagerApp/src/screens/Splash.js": {"path":"/Users/bjaztin/Desktop/taskManagerApp/src/screens/Splash.js","statementMap":{"0":{"start":{"line":9,"column":15},"end":{"line":89,"column":1}},"1":{"start":{"line":10,"column":28},"end":{"line":10,"column":38}},"2":{"start":{"line":12,"column":20},"end":{"line":30,"column":3}},"3":{"start":{"line":13,"column":4},"end":{"line":29,"column":5}},"4":{"start":{"line":14,"column":24},"end":{"line":16,"column":7}},"5":{"start":{"line":18,"column":6},"end":{"line":18,"column":28}},"6":{"start":{"line":20,"column":6},"end":{"line":26,"column":7}},"7":{"start":{"line":21,"column":8},"end":{"line":21,"column":32}},"8":{"start":{"line":22,"column":28},"end":{"line":22,"column":56}},"9":{"start":{"line":24,"column":8},"end":{"line":25,"column":9}},"10":{"start":{"line":28,"column":6},"end":{"line":28,"column":62}},"11":{"start":{"line":31,"column":20},"end":{"line":37,"column":3}},"12":{"start":{"line":32,"column":4},"end":{"line":36,"column":5}},"13":{"start":{"line":34,"column":6},"end":{"line":34,"column":30}},"14":{"start":{"line":35,"column":6},"end":{"line":35,"column":32}},"15":{"start":{"line":39,"column":2},"end":{"line":52,"column":9}},"16":{"start":{"line":40,"column":4},"end":{"line":40,"column":16}},"17":{"start":{"line":42,"column":24},"end":{"line":44,"column":6}},"18":{"start":{"line":43,"column":6},"end":{"line":43,"column":18}},"19":{"start":{"line":46,"column":4},"end":{"line":51,"column":6}},"20":{"start":{"line":47,"column":6},"end":{"line":50,"column":7}},"21":{"start":{"line":48,"column":8},"end":{"line":48,"column":22}},"22":{"start":{"line":49,"column":8},"end":{"line":49,"column":20}},"23":{"start":{"line":54,"column":2},"end":{"line":74,"column":9}},"24":{"start":{"line":55,"column":24},"end":{"line":71,"column":6}},"25":{"start":{"line":56,"column":6},"end":{"line":70,"column":7}},"26":{"start":{"line":58,"column":8},"end":{"line":63,"column":11}},"27":{"start":{"line":59,"column":10},"end":{"line":62,"column":19}},"28":{"start":{"line":60,"column":12},"end":{"line":60,"column":24}},"29":{"start":{"line":61,"column":12},"end":{"line":61,"column":45}},"30":{"start":{"line":65,"column":8},"end":{"line":65,"column":54}},"31":{"start":{"line":66,"column":8},"end":{"line":69,"column":17}},"32":{"start":{"line":67,"column":10},"end":{"line":67,"column":22}},"33":{"start":{"line":68,"column":10},"end":{"line":68,"column":44}},"34":{"start":{"line":73,"column":4},"end":{"line":73,"column":23}},"35":{"start":{"line":76,"column":2},"end":{"line":88,"column":4}},"36":{"start":{"line":93,"column":15},"end":{"line":111,"column":2}}},"fnMap":{"0":{"name":"(anonymous_0)","decl":{"start":{"line":9,"column":15},"end":{"line":9,"column":16}},"loc":{"start":{"line":9,"column":35},"end":{"line":89,"column":1}},"line":9},"1":{"name":"(anonymous_1)","decl":{"start":{"line":12,"column":20},"end":{"line":12,"column":21}},"loc":{"start":{"line":12,"column":32},"end":{"line":30,"column":3}},"line":12},"2":{"name":"(anonymous_2)","decl":{"start":{"line":31,"column":20},"end":{"line":31,"column":21}},"loc":{"start":{"line":31,"column":32},"end":{"line":37,"column":3}},"line":31},"3":{"name":"(anonymous_3)","decl":{"start":{"line":39,"column":12},"end":{"line":39,"column":13}},"loc":{"start":{"line":39,"column":18},"end":{"line":52,"column":3}},"line":39},"4":{"name":"(anonymous_4)","decl":{"start":{"line":42,"column":63},"end":{"line":42,"column":64}},"loc":{"start":{"line":42,"column":69},"end":{"line":44,"column":5}},"line":42},"5":{"name":"(anonymous_5)","decl":{"start":{"line":46,"column":11},"end":{"line":46,"column":12}},"loc":{"start":{"line":46,"column":17},"end":{"line":51,"column":5}},"line":46},"6":{"name":"(anonymous_6)","decl":{"start":{"line":54,"column":12},"end":{"line":54,"column":13}},"loc":{"start":{"line":54,"column":18},"end":{"line":74,"column":3}},"line":54},"7":{"name":"(anonymous_7)","decl":{"start":{"line":55,"column":48},"end":{"line":55,"column":49}},"loc":{"start":{"line":55,"column":64},"end":{"line":71,"column":5}},"line":55},"8":{"name":"(anonymous_8)","decl":{"start":{"line":58,"column":64},"end":{"line":58,"column":65}},"loc":{"start":{"line":58,"column":70},"end":{"line":63,"column":9}},"line":58},"9":{"name":"(anonymous_9)","decl":{"start":{"line":59,"column":21},"end":{"line":59,"column":22}},"loc":{"start":{"line":59,"column":27},"end":{"line":62,"column":11}},"line":59},"10":{"name":"(anonymous_10)","decl":{"start":{"line":66,"column":19},"end":{"line":66,"column":20}},"loc":{"start":{"line":66,"column":25},"end":{"line":69,"column":9}},"line":66}},"branchMap":{"0":{"loc":{"start":{"line":20,"column":6},"end":{"line":26,"column":7}},"type":"if","locations":[{"start":{"line":20,"column":6},"end":{"line":26,"column":7}},{"start":{},"end":{}}],"line":20},"1":{"loc":{"start":{"line":24,"column":8},"end":{"line":25,"column":9}},"type":"if","locations":[{"start":{"line":24,"column":8},"end":{"line":25,"column":9}},{"start":{},"end":{}}],"line":24},"2":{"loc":{"start":{"line":24,"column":12},"end":{"line":24,"column":47}},"type":"binary-expr","locations":[{"start":{"line":24,"column":12},"end":{"line":24,"column":23}},{"start":{"line":24,"column":27},"end":{"line":24,"column":47}}],"line":24},"3":{"loc":{"start":{"line":32,"column":4},"end":{"line":36,"column":5}},"type":"if","locations":[{"start":{"line":32,"column":4},"end":{"line":36,"column":5}},{"start":{},"end":{}}],"line":32},"4":{"loc":{"start":{"line":47,"column":6},"end":{"line":50,"column":7}},"type":"if","locations":[{"start":{"line":47,"column":6},"end":{"line":50,"column":7}},{"start":{},"end":{}}],"line":47},"5":{"loc":{"start":{"line":56,"column":6},"end":{"line":70,"column":7}},"type":"if","locations":[{"start":{"line":56,"column":6},"end":{"line":70,"column":7}},{"start":{"line":64,"column":13},"end":{"line":70,"column":7}}],"line":56}},"s":{"0":1,"1":2,"2":2,"3":1,"4":1,"5":1,"6":1,"7":1,"8":1,"9":1,"10":0,"11":2,"12":0,"13":0,"14":0,"15":2,"16":1,"17":1,"18":0,"19":1,"20":1,"21":0,"22":0,"23":2,"24":1,"25":0,"26":0,"27":0,"28":0,"29":0,"30":0,"31":0,"32":0,"33":0,"34":1,"35":2,"36":1},"f":{"0":2,"1":1,"2":0,"3":1,"4":0,"5":1,"6":1,"7":0,"8":0,"9":0,"10":0},"b":{"0":[1,0],"1":[1,0],"2":[1,1],"3":[0,0],"4":[0,1],"5":[0,0]},"_coverageSchema":"1a1c01bbd47fc00a2c39e90264f33305004495a9","hash":"fbb645e13fba2146a67bd8f56f44b62aa75ad8ca"}
,"/Users/bjaztin/Desktop/taskManagerApp/src/screens/TasksScreen.js": {"path":"/Users/bjaztin/Desktop/taskManagerApp/src/screens/TasksScreen.js","statementMap":{"0":{"start":{"line":37,"column":20},"end":{"line":339,"column":1}},"1":{"start":{"line":39,"column":26},"end":{"line":39,"column":38}},"2":{"start":{"line":40,"column":26},"end":{"line":40,"column":38}},"3":{"start":{"line":41,"column":24},"end":{"line":41,"column":36}},"4":{"start":{"line":42,"column":42},"end":{"line":42,"column":90}},"5":{"start":{"line":43,"column":42},"end":{"line":43,"column":62}},"6":{"start":{"line":44,"column":48},"end":{"line":44,"column":62}},"7":{"start":{"line":45,"column":44},"end":{"line":45,"column":56}},"8":{"start":{"line":47,"column":36},"end":{"line":47,"column":48}},"9":{"start":{"line":48,"column":42},"end":{"line":48,"column":54}},"10":{"start":{"line":49,"column":44},"end":{"line":49,"column":56}},"11":{"start":{"line":50,"column":44},"end":{"line":50,"column":56}},"12":{"start":{"line":51,"column":50},"end":{"line":51,"column":62}},"13":{"start":{"line":52,"column":44},"end":{"line":52,"column":56}},"14":{"start":{"line":53,"column":46},"end":{"line":53,"column":58}},"15":{"start":{"line":54,"column":46},"end":{"line":54,"column":58}},"16":{"start":{"line":56,"column":56},"end":{"line":56,"column":71}},"17":{"start":{"line":57,"column":30},"end":{"line":57,"column":45}},"18":{"start":{"line":58,"column":30},"end":{"line":58,"column":42}},"19":{"start":{"line":59,"column":21},"end":{"line":59,"column":28}},"20":{"start":{"line":61,"column":2},"end":{"line":71,"column":9}},"21":{"start":{"line":62,"column":30},"end":{"line":64,"column":5}},"22":{"start":{"line":63,"column":6},"end":{"line":63,"column":31}},"23":{"start":{"line":65,"column":31},"end":{"line":67,"column":5}},"24":{"start":{"line":66,"column":6},"end":{"line":66,"column":35}},"25":{"start":{"line":69,"column":4},"end":{"line":69,"column":24}},"26":{"start":{"line":70,"column":4},"end":{"line":70,"column":25}},"27":{"start":{"line":73,"column":2},"end":{"line":75,"column":9}},"28":{"start":{"line":74,"column":4},"end":{"line":74,"column":35}},"29":{"start":{"line":77,"column":2},"end":{"line":93,"column":21}},"30":{"start":{"line":78,"column":4},"end":{"line":92,"column":5}},"31":{"start":{"line":83,"column":22},"end":{"line":83,"column":53}},"32":{"start":{"line":84,"column":18},"end":{"line":84,"column":62}},"33":{"start":{"line":86,"column":6},"end":{"line":91,"column":8}},"34":{"start":{"line":95,"column":31},"end":{"line":104,"column":3}},"35":{"start":{"line":96,"column":4},"end":{"line":96,"column":59}},"36":{"start":{"line":98,"column":4},"end":{"line":98,"column":60}},"37":{"start":{"line":99,"column":4},"end":{"line":99,"column":32}},"38":{"start":{"line":100,"column":4},"end":{"line":100,"column":35}},"39":{"start":{"line":101,"column":4},"end":{"line":101,"column":42}},"40":{"start":{"line":102,"column":4},"end":{"line":102,"column":78}},"41":{"start":{"line":103,"column":4},"end":{"line":103,"column":20}},"42":{"start":{"line":106,"column":31},"end":{"line":147,"column":3}},"43":{"start":{"line":107,"column":4},"end":{"line":146,"column":6}},"44":{"start":{"line":149,"column":38},"end":{"line":162,"column":3}},"45":{"start":{"line":150,"column":23},"end":{"line":150,"column":42}},"46":{"start":{"line":151,"column":4},"end":{"line":151,"column":44}},"47":{"start":{"line":152,"column":26},"end":{"line":152,"column":54}},"48":{"start":{"line":154,"column":4},"end":{"line":160,"column":6}},"49":{"start":{"line":164,"column":33},"end":{"line":167,"column":3}},"50":{"start":{"line":165,"column":4},"end":{"line":165,"column":59}},"51":{"start":{"line":166,"column":4},"end":{"line":166,"column":26}},"52":{"start":{"line":169,"column":35},"end":{"line":171,"column":3}},"53":{"start":{"line":170,"column":4},"end":{"line":170,"column":26}},"54":{"start":{"line":173,"column":38},"end":{"line":175,"column":3}},"55":{"start":{"line":174,"column":4},"end":{"line":174,"column":29}},"56":{"start":{"line":177,"column":30},"end":{"line":179,"column":3}},"57":{"start":{"line":178,"column":4},"end":{"line":178,"column":31}},"58":{"start":{"line":181,"column":27},"end":{"line":185,"column":3}},"59":{"start":{"line":182,"column":4},"end":{"line":182,"column":59}},"60":{"start":{"line":183,"column":4},"end":{"line":183,"column":31}},"61":{"start":{"line":184,"column":4},"end":{"line":184,"column":33}},"62":{"start":{"line":187,"column":21},"end":{"line":190,"column":3}},"63":{"start":{"line":188,"column":4},"end":{"line":188,"column":48}},"64":{"start":{"line":189,"column":4},"end":{"line":189,"column":59}},"65":{"start":{"line":192,"column":2},"end":{"line":338,"column":4}},"66":{"start":{"line":218,"column":12},"end":{"line":240,"column":14}},"67":{"start":{"line":223,"column":40},"end":{"line":223,"column":74}},"68":{"start":{"line":225,"column":18},"end":{"line":225,"column":68}},"69":{"start":{"line":229,"column":18},"end":{"line":229,"column":57}},"70":{"start":{"line":232,"column":48},"end":{"line":232,"column":78}},"71":{"start":{"line":235,"column":18},"end":{"line":235,"column":51}},"72":{"start":{"line":238,"column":36},"end":{"line":238,"column":72}},"73":{"start":{"line":267,"column":16},"end":{"line":267,"column":33}},"74":{"start":{"line":268,"column":16},"end":{"line":268,"column":37}},"75":{"start":{"line":269,"column":16},"end":{"line":269,"column":28}},"76":{"start":{"line"
[...]
{"line":81,"column":6},"end":{"line":81,"column":63}},"41":{"start":{"line":83,"column":6},"end":{"line":83,"column":71}},"42":{"start":{"line":86,"column":4},"end":{"line":86,"column":64}}},"fnMap":{"0":{"name":"(anonymous_0)","decl":{"start":{"line":4,"column":36},"end":{"line":4,"column":37}},"loc":{"start":{"line":4,"column":48},"end":{"line":29,"column":1}},"line":4},"1":{"name":"(anonymous_1)","decl":{"start":{"line":12,"column":6},"end":{"line":12,"column":7}},"loc":{"start":{"line":12,"column":15},"end":{"line":12,"column":62}},"line":12},"2":{"name":"(anonymous_2)","decl":{"start":{"line":20,"column":8},"end":{"line":20,"column":9}},"loc":{"start":{"line":20,"column":17},"end":{"line":20,"column":40}},"line":20},"3":{"name":"(anonymous_3)","decl":{"start":{"line":32,"column":34},"end":{"line":32,"column":35}},"loc":{"start":{"line":32,"column":50},"end":{"line":74,"column":1}},"line":32},"4":{"name":"(anonymous_4)","decl":{"start":{"line":77,"column":32},"end":{"line":77,"column":33}},"loc":{"start":{"line":77,"column":51},"end":{"line":88,"column":1}},"line":77}},"branchMap":{"0":{"loc":{"start":{"line":6,"column":2},"end":{"line":28,"column":3}},"type":"if","locations":[{"start":{"line":6,"column":2},"end":{"line":28,"column":3}},{"start":{"line":24,"column":9},"end":{"line":28,"column":3}}],"line":6},"1":{"loc":{"start":{"line":12,"column":15},"end":{"line":12,"column":62}},"type":"binary-expr","locations":[{"start":{"line":12,"column":15},"end":{"line":12,"column":38}},{"start":{"line":12,"column":42},"end":{"line":12,"column":62}}],"line":12},"2":{"loc":{"start":{"line":15,"column":4},"end":{"line":23,"column":5}},"type":"if","locations":[{"start":{"line":15,"column":4},"end":{"line":23,"column":5}},{"start":{"line":17,"column":11},"end":{"line":23,"column":5}}],"line":15},"3":{"loc":{"start":{"line":22,"column":13},"end":{"line":22,"column":70}},"type":"cond-expr","locations":[{"start":{"line":22,"column":38},"end":{"line":22,"column":63}},{"start":{"line":22,"column":66},"end":{"line":22,"column":70}}],"line":22},"4":{"loc":{"start":{"line":36,"column":2},"end":{"line":73,"column":3}},"type":"if","locations":[{"start":{"line":36,"column":2},"end":{"line":73,"column":3}},{"start":{},"end":{}}],"line":36},"5":{"loc":{"start":{"line":50,"column":4},"end":{"line":72,"column":5}},"type":"if","locations":[{"start":{"line":50,"column":4},"end":{"line":72,"column":5}},{"start":{"line":52,"column":11},"end":{"line":72,"column":5}}],"line":50},"6":{"loc":{"start":{"line":79,"column":4},"end":{"line":84,"column":5}},"type":"if","locations":[{"start":{"line":79,"column":4},"end":{"line":84,"column":5}},{"start":{"line":82,"column":11},"end":{"line":84,"column":5}}],"line":79}},"s":{"0":4,"1":5,"2":5,"3":5,"4":5,"5":5,"6":5,"7":5,"8":0,"9":0,"10":0,"11":0,"12":0,"13":4,"14":2,"15":2,"16":2,"17":2,"18":2,"19":2,"20":2,"21":2,"22":2,"23":2,"24":2,"25":2,"26":2,"27":2,"28":0,"29":2,"30":2,"31":2,"32":2,"33":2,"34":0,"35":2,"36":4,"37":1,"38":1,"39":1,"40":1,"41":0,"42":0},"f":{"0":5,"1":5,"2":0,"3":2,"4":1},"b":{"0":[5,0],"1":[5,5],"2":[5,0],"3":[0,0],"4":[2,0],"5":[0,2],"6":[1,0]},"_coverageSchema":"1a1c01bbd47fc00a2c39e90264f33305004495a9","hash":"7ced37543966c10efe259fd11c84cf461a2c521d"}
,"/Users/bjaztin/Desktop/taskManagerApp/src/utilities/Content.js": {"path":"/Users/bjaztin/Desktop/taskManagerApp/src/utilities/Content.js","statementMap":{"0":{"start":{"line":2,"column":2},"end":{"line":2,"column":176}},"1":{"start":{"line":5,"column":2},"end":{"line":14,"column":3}},"2":{"start":{"line":6,"column":19},"end":{"line":6,"column":35}},"3":{"start":{"line":7,"column":17},"end":{"line":7,"column":38}},"4":{"start":{"line":9,"column":4},"end":{"line":9,"column":51}},"5":{"start":{"line":10,"column":4},"end":{"line":10,"column":24}},"6":{"start":{"line":12,"column":4},"end":{"line":12,"column":25}},"7":{"start":{"line":13,"column":4},"end":{"line":13,"column":14}}},"fnMap":{"0":{"name":"getContent","decl":{"start":{"line":4,"column":22},"end":{"line":4,"column":32}},"loc":{"start":{"line":4,"column":35},"end":{"line":15,"column":1}},"line":4}},"branchMap":{},"s":{"0":2,"1":1,"2":1,"3":1,"4":1,"5":1,"6":0,"7":0},"f":{"0":1},"b":{},"_coverageSchema":"1a1c01bbd47fc00a2c39e90264f33305004495a9","hash":"e05b3d1190555ca4418e7d88d9684d7df2c24950"}
,"/Users/bjaztin/Desktop/taskManagerApp/src/utilities/LogicFunctions.js": {"path":"/Users/bjaztin/Desktop/taskManagerApp/src/utilities/LogicFunctions.js","statementMap":{"0":{"start":{"line":21,"column":28},"end":{"line":64,"column":1}},"1":{"start":{"line":23,"column":17},"end":{"line":23,"column":38}},"2":{"start":{"line":24,"column":2},"end":{"line":63,"column":3}},"3":{"start":{"line":25,"column":4},"end":{"line":62,"column":5}},"4":{"start":{"line":26,"column":25},"end":{"line":26,"column":49}},"5":{"start":{"line":27,"column":27},"end":{"line":27,"column":62}},"6":{"start":{"line":28,"column":28},"end":{"line":28,"column":55}},"7":{"start":{"line":30,"column":24},"end":{"line":30,"column":26}},"8":{"start":{"line":32,"column":6},"end":{"line":57,"column":9}},"9":{"start":{"line":41,"column":12},"end":{"line":41,"column":22}},"10":{"start":{"line":43,"column":35},"end":{"line":43,"column":68}},"11":{"start":{"line":44,"column":38},"end":{"line":44,"column":71}},"12":{"start":{"line":45,"column":25},"end":{"line":55,"column":9}},"13":{"start":{"line":56,"column":8},"end":{"line":56,"column":33}},"14":{"start":{"line":59,"column":6},"end":{"line":59,"column":30}},"15":{"start":{"line":61,"column":6},"end":{"line":61,"column":67}},"16":{"start":{"line":65,"column":0},"end":{"line":67,"column":2}},"17":{"start":{"line":70,"column":36},"end":{"line":103,"column":1}},"18":{"start":{"line":76,"column":2},"end":{"line":76,"column":57}},"19":{"start":{"line":78,"column":17},"end":{"line":78,"column":38}},"20":{"start":{"line":79,"column":2},"end":{"line":89,"column":3}},"21":{"start":{"line":80,"column":25},"end":{"line":80,"column":69}},"22":{"start":{"line":82,"column":4},"end":{"line":82,"column":68}},"23":{"start":{"line":84,"column":4},"end":{"line":86,"column":7}},"24":{"start":{"line":87,"column":4},"end":{"line":87,"column":50}},"25":{"start":{"line":88,"column":4},"end":{"line":88,"column":43}},"26":{"start":{"line":92,"column":2},"end":{"line":102,"column":5}},"27":{"start":{"line":93,"column":4},"end":{"line":101,"column":7}},"28":{"start":{"line":94,"column":6},"end":{"line":99,"column":7}},"29":{"start":{"line":95,"column":8},"end":{"line":98,"column":10}},"30":{"start":{"line":100,"column":6},"end":{"line":100,"column":18}},"31":{"start":{"line":106,"column":29},"end":{"line":213,"column":3}},"32":{"start":{"line":145,"column":2},"end":{"line":145,"column":57}},"33":{"start":{"line":146,"column":25},"end":{"line":146,"column":75}},"34":{"start":{"line":147,"column":2},"end":{"line":147,"column":49}},"35":{"start":{"line":149,"column":2},"end":{"line":212,"column":5}},"36":{"start":{"line":151,"column":4},"end":{"line":154,"column":6}},"37":{"start":{"line":155,"column":4},"end":{"line":155,"column":16}},"38":{"start":{"line":157,"column":22},"end":{"line":157,"column":46}},"39":{"start":{"line":159,"column":20},"end":{"line":170,"column":5}},"40":{"start":{"line":171,"column":20},"end":{"line":171,"column":53}},"41":{"start":{"line":172,"column":4},"end":{"line":172,"column":30}},"42":{"start":{"line":174,"column":4},"end":{"line":174,"column":51}},"43":{"start":{"line":176,"column":4},"end":{"line":176,"column":42}},"44":{"start":{"line":177,"column":4},"end":{"line":177,"column":47}},"45":{"start":{"line":178,"column":4},"end":{"line":178,"column":44}},"46":{"start":{"line":179,"column":4},"end":{"line":179,"column":55}},"47":{"start":{"line":180,"column":4},"end":{"line":180,"column":55}},"48":{"start":{"line":181,"column":4},"end":{"line":181,"column":64}},"49":{"start":{"line":182,"column":4},"end":{"line":182,"column":58}},"50":{"start":{"line":183,"column":4},"end":{"line":183,"column":50}},"51":{"start":{"line":185,"column":4},"end":{"line":185,"column":16}},"52":{"start":{"line":186,"column":4},"end":{"line":186,"column":16}},"53":{"start":{"line":187,"column":4},"end":{"line":187,"column":15}},"54":{"start":{"line":188,"column":4},"end":{"line":188,"column":25}},"55":{"start":{"line":189,"column":4},"end":{"line":189,"column":21}},"56":{"start":{"line":190,"column":4},"end":{"line":190,"column":43}},"57":{"start":{"line":192,"column":19},"end":{"line":192,"column":40}},"58":{"start":{"line":193,"column":4},"end":{"line":193,"column":35}},"59":{"start":{"line":195,"column":24},"end":{"line":208,"column":5}},"60":{"start":{"line":210,"column":6},"end":{"line":210,"column":34}},"61":{"start":{"line":211,"column":6},"end":{"line":211,"column":47}},"62":{"start":{"line":216,"column":32},"end":{"line":256,"column":1}},"63":{"start":{"line":222,"column":2},"end":{"line":222,"column":57}},"64":{"start":{"line":224,"column":2},"end":{"line":255,"column":3}},"65":{"start":{"line":225,"column":19},"end":{"line":225,"column":40}},"66":{"start":{"line":227,"column":4},"end":{"line":252,"column":5}},"67":{"start":{"line":228,"column":27},"end":{"line":228,"column":71}},"68":{"start":{"line":230,"column":6},"end":{"line":230,"column":75}},"69":{"start":{"line":233,"column":6},"end":{"line":233,"column":58}},"70":{"start":{"line":234,"column":6},"end":{"line":234,"column":51}},"71":{"start":{"line":237,"column":6},"end":{"line":239,"column":8}},"72":{"start":{"line":238,"column":8},"end":{"line":238,"column":67}},"73":{"start":{"line":238,"column":39},"end":{"line":238,"column":66}},"74":{"start":{"line":241,"column":6},"end":{"line":241,"column":76}},"75":{"start":{"line":244,"column":6},"end":{"line":251,"column":7}},"76":{"start":{"line":245,"column":8},"end":{"line":245,"column":53}},"77":{"start":{"line":246,"column":8},"end":{"line":246,"column":64}},"78":{"start":{"line":248,"column":8},"end":{"line":250,"column":10}},"79":{"start":{"line":254,"column":4},"end":{"line":254,"column":53}}},"fnMap":{"0":{"name":"(anonymous_0)","decl":{"start":{"line":21,"column":28},"end":{"line":21,"column":29}},"loc":{"start":{"line":21,"column":56},"end":{"line":64,"column":1}},"line":21},"1":{"name":"(anonymous_1)","decl":{"start":{"line":32,"column":28},"end":{"line":32,"column":29}},"loc":{"start":{"line":32,"column":37},"end":{"line":57,"column":7}},"line":32},"2":{"name":"(anonymous_2)","decl":{"start":{"line":70,"column":36},"end":{"line":70,"column":37}},"loc":{"start":{"line":75,"column":5},"end":{"line":103,"column":1}},"line":75},"3":{"name":"(anonymous_3)","decl":{"start":{"line":92,"column":15},"end":{"line":92,"column":16}},"loc":{"start":{"line":92,"column":34},"end":{"line":102,"column":3}},"line":92},"4":{"name":"(anonymous_4)","decl":{"start":{"line":93,"column":29},"end":{"line":93,"column":30}},"loc":{"start":{"line":93,"column":39},"end":{"line":101,"column":5}},"line":93},"5":{"name":"(anonymous_5)","decl":{"start":{"line":106,"column":29},"end":{"line":106,"column":30}},"loc":{"start":{"line":143,"column":5},"end":{"line":213,"column":3}},"line":143},"6":{"name":"(anonymous_6)","decl":{"start":{"line":216,"column":32},"end":{"line":216,"column":33}},"loc":{"start":{"line":221,"column":5},"end":{"line":256,"column":1}},"line":221},"7":{"name":"(anonymous_7)","decl":{"start":{"line":237,"column":19},"end":{"line":237,"column":20}},"loc":{"start":{"line":238,"column":8},"end":{"line":238,"column":67}},"line":238},"8":{"name":"(anonymous_8)","decl":{"start":{"line":238,"column":29},"end":{"line":238,"column":30}},"loc":{"start":{"line":238,"column":39},"end":{"line":238,"column":66}},"line":238}},"branchMap":{"0":{"loc":{"start":{"line":24,"column":2},"end":{"line":63,"column":3}},"type":"if","locations":[{"start":{"line":24,"column":2},"end":{"line":63,"column":3}},{"start":{},"end":{}}],"line":24},"1":{"loc":{"start":{"line":43,"column":35},"end":{"line":43,"column":68}},"type":"binary-expr","locations":[{"start":{"line":43,"column":35},"end":{"line":43,"column":60}},{"start":{"line":43,"column":64},"end":{"line":43,"column":68}}],"line":43},"2":{"loc":{"start":{"line":44,"column":38},"end":{"line":44,"column":71}},"type":"binary-expr","locations":[{"start":{"line":44,"column":38},"end":{"line":44,"column":63}},{"start":{"line":44,"column":67},"end":{"line":44,"column":71}}],"line":44},"3":{"loc":{"start":{"line":79,"column":2},"end":{"line":89,"column":3}},"type":"if","locations":[{"start":{"line":79,"column":2},"end":{"line":89,"column":3}},{"start":{},"end":{}}],"line":79},"4":{"loc":{"start":{"line":94,"column":6},"end":{"line":99,"column":7}},"type":"if","locations":[{"start":{"line":94,"column":6},"end":{"line":99,"column":7}},{"start":{},"end":{}}],"line":94},"5":{"loc":{"start":{"line":149,"column":2},"end":{"line":212,"column":5}},"type":"if","locations":[{"start":{"line":149,"column":2},"end":{"line":212,"column":5}},{"start":{"line":156,"column":7},"end":{"line":212,"column":5}}],"line":149},"6":{"loc":{"start":{"line":161,"column":12},"end":{"line":161,"column":22}},"type":"binary-expr","locations":[{"start":{"line":161,"column":12},"end":{"line":161,"column":16}},{"start":{"line":161,"column":20},"end":{"line":161,"column":22}}],"line":161},"7":{"loc":{"start":{"line":162,"column":12},"end":{"line":162,"column":22}},"type":"binary-expr","locations":[{"start":{"line":162,"column":12},"end":{"line":162,"column":16}},{"start":{"line":162,"column":20},"end":{"line":162,"column":22}}],"line":162},"8":{"loc":{"start":{"line":163,"column":11},"end":{"line":163,"column":20}},"type":"binary-expr","locations":[{"start":{"line":163,"column":11},"end":{"line":163,"column":14}},{"start":{"line":163,"column":18},"end":{"line":163,"column":20}}],"line":163},"9":{"loc":{"start":{"line":166,"column":20},"end":{"line":166,"column":38}},"type":"binary-expr","locations":[{"start":{"line":166,"column":20},"end":{"line":166,"column":32}},{"start":{"line":166,"column":36},"end":{"line":166,"column":38}}],"line":166},"10":{"loc":{"start":{"line":167,"column":23},"end":{"line":167,"column":72}},"type":"cond-expr","locations":[{"start":{"line":167,"column":50},"end":{"line":167,"column":54}},{"start":{"line":167,"column":57},"end":{"line":167,"column":72}}],"line":167},"11":{"loc":{"start":{"line":168,"column":21},"end":{"line":168,"column":40}},"type":"binary-expr","locations":[{"start":{"line":168,"column":21},"end":{"line":168,"column":34}},{"start":{"line":168,"column":38},"end":{"line":168,"column":40}}],"line":168},"12":{"loc":{"start":{"line":227,"column":4},"end":{"line":252,"column":5}},"type":"if","locations":[{"start":{"line":227,"column":4},"end":{"line":252,"column":5}},{"start":{},"end":{}}],"line":227},"13":{"loc":{"start":{"line":244,"column":6},"end":{"line":251,"column":7}},"type":"if","locations":[{"start":{"line":244,"column":6},"end":{"line":251,"column":7}},{"start":{"line":247,"column":13},"end":{"line":251,"column":7}}],"line":244}},"s":{"0":3,"1":3,"2":3,"3":3,"4":3,"5":3,"6":1,"7":0,"8":0,"9":0,"10":0,"11":0,"12":0,"13":0,"14":0,"15":3,"16":3,"17":3,"18":1,"19":1,"20":1,"21":1,"22":1,"23":1,"24":1,"25":1,"26":1,"27":0,"28":0,"29":0,"30":0,"31":3,"32":1,"33":1,"34":1,"35":1,"36":0,"37":0,"38":1,"39":1,"40":1,"41":1,"42":1,"43":1,"44":1,"45":1,"46":1,"47":1,"48":1,"49":1,"50":1,"51":1,"52":1,"53":1,"54":1,"55":1,"56":1,"57":1,"58":1,"59":1,"60":1,"61":1,"62":3,"63":1,"64":1,"65":1,"66":1,"67":0,"68":0,"69":0,"70":0,"71":0,"72":0,"73":0,"74":0,"75":0,"76":0,"77":0,"78":0,"79":0},"f":{"0":3,"1":0,"2":1,"3":0,"4":0,"5":1,"6":1,"7":0,"8":0},"b":{"0":[3,0],"1":[0,0],"2":[0,0],"3":[1,0],"4":[0,0],"5":[0,1],"6":[1,0],"7":[1,0],"8":[1,0],"9":[1,0],"10":[0,1],"11":[1,0],"12":[0,1],"13":[0,0]},"_coverageSchema":"1a1c01bbd47fc00a2c39e90264f33305004495a9","hash":"db512f283f03b7c8d96426369b0af1d96ffce801"}
,"/Users/bjaztin/Desktop/taskManagerApp/src/utilities/ModalTagPicker.js": {"path":"/Users/bjaztin/Desktop/taskManagerApp/src/utilities/ModalTagPicker.js","statementMap":{"0":{"start":{"line":5,"column":23},"end":{"line":53,"column":1}},"1":{"start":{"line":7,"column":18},"end":{"line":24,"column":3}},"2":{"start":{"line":26,"column":22},"end":{"line":29,"column":3}},"3":{"start":{"line":27,"column":4},"end":{"line":27,"column":38}},"4":{"start":{"line":28,"column":4},"end":{"line":28,"column":38}},"5":{"start":{"line":31,"column":18},"end":{"line":42,"column":4}},"6":{"start":{"line":32,"column":4},"end":{"line":41,"column":6}},"7":{"start":{"line":37,"column":23},"end":{"line":37,"column":40}},"8":{"start":{"line":44,"column":2},"end":{"line":52,"column":4}},"9":{"start":{"line":46,"column":21},"end":{"line":46,"column":54}},"10":{"start":{"line":57,"column":15},"end":{"line":72,"column":2}}},"fnMap":{"0":{"name":"(anonymous_0)","decl":{"start":{"line":5,"column":23},"end":{"line":5,"column":24}},"loc":{"start":{"line":5,"column":34},"end":{"line":53,"column":1}},"line":5},"1":{"name":"(anonymous_1)","decl":{"start":{"line":26,"column":22},"end":{"line":26,"column":23}},"loc":{"start":{"line":26,"column":34},"end":{"line":29,"column":3}},"line":26},"2":{"name":"(anonymous_2)","decl":{"start":{"line":31,"column":30},"end":{"line":31,"column":31}},"loc":{"start":{"line":31,"column":47},"end":{"line":42,"column":3}},"line":31},"3":{"name":"(anonymous_3)","decl":{"start":{"line":37,"column":17},"end":{"line":37,"column":18}},"loc":{"start":{"line":37,"column":23},"end":{"line":37,"column":40}},"line":37},"4":{"name":"(anonymous_4)","decl":{"start":{"line":46,"column":15},"end":{"line":46,"column":16}},"loc":{"start":{"line":46,"column":21},"end":{"line":46,"column":54}},"line":46}},"branchMap":{},"s":{"0":4,"1":3,"2":3,"3":4,"4":4,"5":3,"6":12,"7":4,"8":3,"9":0,"10":4},"f":{"0":3,"1":4,"2":12,"3":4,"4":0},"b":{},"_coverageSchema":"1a1c01bbd47fc00a2c39e90264f33305004495a9","hash":"5976eab1225ad265c639e8880853179164ecc750"}
,"/Users/bjaztin/Desktop/taskManagerApp/src/utilities/Notification.js": {"path":"/Users/bjaztin/Desktop/taskManagerApp/src/utilities/Notification.js","statementMap":{"0":{"start":{"line":4,"column":32},"end":{"line":19,"column":1}},"1":{"start":{"line":5,"column":21},"end":{"line":12,"column":4}},"2":{"start":{"line":13,"column":2},"end":{"line":17,"column":3}},"3":{"start":{"line":14,"column":4},"end":{"line":14,"column":52}},"4":{"start":{"line":16,"column":4},"end":{"line":16,"column":51}},"5":{"start":{"line":18,"column":2},"end":{"line":18,"column":14}},"6":{"start":{"line":21,"column":36},"end":{"line":46,"column":1}},"7":{"start":{"line":22,"column":30},"end":{"line":22,"column":42}},"8":{"start":{"line":23,"column":2},"end":{"line":45,"column":3}},"9":{"start":{"line":24,"column":4},"end":{"line":37,"column":5}},"10":{"start":{"line":26,"column":6},"end":{"line":36,"column":9}},"11":{"start":{"line":39,"column":4},"end":{"line":39,"column":61}},"12":{"start":{"line":41,"column":4},"end":{"line":44,"column":6}}},"fnMap":{"0":{"name":"(anonymous_0)","decl":{"start":{"line":4,"column":32},"end":{"line":4,"column":33}},"loc":{"start":{"line":4,"column":44},"end":{"line":19,"column":1}},"line":4},"1":{"name":"(anonymous_1)","decl":{"start":{"line":21,"column":36},"end":{"line":21,"column":37}},"loc":{"start":{"line":21,"column":66},"end":{"line":46,"column":1}},"line":21}},"branchMap":{"0":{"loc":{"start":{"line":13,"column":2},"end":{"line":17,"column":3}},"type":"if","locations":[{"start":{"line":13,"column":2},"end":{"line":17,"column":3}},{"start":{"line":15,"column":9},"end":{"line":17,"column":3}}],"line":13},"1":{"loc":{"start":{"line":24,"column":4},"end":{"line":37,"column":5}},"type":"if","locations":[{"start":{"line":24,"column":4},"end":{"line":37,"column":5}},{"start":{},"end":{}}],"line":24}},"s":{"0":3,"1":3,"2":3,"3":3,"4":0,"5":3,"6":3,"7":2,"8":2,"9":2,"10":2,"11":1,"12":1},"f":{"0":3,"1":2},"b":{"0":[3,0],"1":[2,0]},"_coverageSchema":"1a1c01bbd47fc00a2c39e90264f33305004495a9","hash":"a743889e4afe9acdb382b5618c0dd23a6f798ac7"}
}
