TN:
SF:App.js
FN:8,(anonymous_0)
FNF:1
FNH:0
FNDA:0,(anonymous_0)
DA:6,0
DA:8,0
DA:10,0
LF:3
LH:0
BRF:0
BRH:0
end_of_record
TN:
SF:firebase.js
FNF:0
FNH:0
DA:7,5
DA:17,5
DA:19,5
DA:23,5
LF:4
LH:4
BRF:0
BRH:0
end_of_record
TN:
SF:jest.config.js
FNF:0
FNH:0
DA:1,0
LF:1
LH:0
BRF:0
BRH:0
end_of_record
TN:
SF:metro.config.js
FNF:0
FNH:0
DA:1,0
DA:3,0
DA:4,0
DA:6,0
LF:4
LH:0
BRF:0
BRH:0
end_of_record
TN:
SF:src/components/TaskDetail/SwipeAction.js
FN:6,(anonymous_0)
FN:11,(anonymous_1)
FN:14,(anonymous_2)
FN:18,(anonymous_3)
FN:21,(anonymous_4)
FN:26,(anonymous_5)
FN:42,(anonymous_6)
FN:43,(anonymous_7)
FNF:8
FNH:5
FNDA:2,(anonymous_0)
FNDA:1,(anonymous_1)
FNDA:0,(anonymous_2)
FNDA:1,(anonymous_3)
FNDA:2,(anonymous_4)
FNDA:1,(anonymous_5)
FNDA:0,(anonymous_6)
FNDA:0,(anonymous_7)
DA:6,4
DA:7,2
DA:9,2
DA:11,2
DA:13,1
DA:14,0
DA:15,0
DA:18,1
DA:21,2
DA:22,2
DA:27,1
DA:28,1
DA:38,2
DA:42,0
DA:43,0
DA:52,4
LF:16
LH:12
BRDA:13,0,0,0
BRDA:13,0,1,1
BRF:2
BRH:1
end_of_record
TN:
SF:src/components/TaskDetail/TaskCompleteButton.js
FN:5,(anonymous_0)
FNF:1
FNH:1
FNDA:2,(anonymous_0)
DA:5,4
DA:7,2
DA:31,4
LF:3
LH:3
BRDA:13,0,0,0
BRDA:13,0,1,2
BRDA:17,1,0,0
BRDA:17,1,1,2
BRF:4
BRH:2
end_of_record
TN:
SF:src/components/TaskDetail/TaskDate.js
FN:4,(anonymous_0)
FNF:1
FNH:1
FNDA:3,(anonymous_0)
DA:4,4
DA:6,3
DA:8,3
DA:26,4
LF:4
LH:4
BRDA:10,0,0,3
BRDA:10,0,1,3
BRDA:14,1,0,1
BRDA:14,1,1,2
BRF:4
BRH:4
end_of_record
TN:
SF:src/components/TaskDetail/TaskDetails.js
FN:15,(anonymous_0)
FN:30,(anonymous_1)
FN:32,(anonymous_2)
FN:48,(anonymous_3)
FN:80,(anonymous_4)
FNF:5
FNH:1
FNDA:1,(anonymous_0)
FNDA:0,(anonymous_1)
FNDA:0,(anonymous_2)
FNDA:0,(anonymous_3)
FNDA:0,(anonymous_4)
DA:15,3
DA:26,1
DA:27,1
DA:28,1
DA:30,1
DA:32,0
DA:33,0
DA:34,0
DA:37,0
DA:38,0
DA:41,0
DA:45,0
DA:48,1
DA:49,0
DA:51,0
DA:54,0
DA:55,0
DA:60,0
DA:63,0
DA:66,1
DA:80,0
DA:113,3
LF:22
LH:8
BRDA:37,0,0,0
BRDA:37,0,1,0
BRF:2
BRH:0
end_of_record
TN:
SF:src/components/TaskDetail/TaskImage.js
FN:4,(anonymous_0)
FN:5,(anonymous_1)
FNF:2
FNH:2
FNDA:2,(anonymous_0)
FNDA:1,(anonymous_1)
DA:4,4
DA:5,2
DA:6,1
DA:7,1
DA:11,2
DA:31,4
LF:6
LH:6
BRDA:6,0,0,1
BRDA:6,0,1,0
BRDA:13,1,0,2
BRDA:13,1,1,2
BRDA:13,1,2,2
BRDA:20,2,0,0
BRDA:20,2,1,2
BRF:7
BRH:5
end_of_record
TN:
SF:src/components/TaskDetail/TaskNote.js
FN:4,(anonymous_0)
FNF:1
FNH:1
FNDA:3,(anonymous_0)
DA:4,4
DA:5,3
DA:23,4
LF:3
LH:3
BRDA:7,0,0,3
BRDA:7,0,1,3
BRDA:11,1,0,1
BRDA:11,1,1,2
BRF:4
BRH:4
end_of_record
TN:
SF:src/components/TaskDetail/TaskTagIcon.js
FN:7,(anonymous_0)
FN:14,(anonymous_1)
FN:16,(anonymous_2)
FN:33,(anonymous_3)
FN:35,(anonymous_4)
FN:41,(anonymous_5)
FN:45,(anonymous_6)
FN:67,(anonymous_7)
FN:84,(anonymous_8)
FN:102,(anonymous_9)
FNF:10
FNH:5
FNDA:1,(anonymous_0)
FNDA:1,(anonymous_1)
FNDA:1,(anonymous_2)
FNDA:1,(anonymous_3)
FNDA:0,(anonymous_4)
FNDA:0,(anonymous_5)
FNDA:0,(anonymous_6)
FNDA:1,(anonymous_7)
FNDA:0,(anonymous_8)
FNDA:0,(anonymous_9)
DA:7,3
DA:8,1
DA:9,1
DA:10,1
DA:12,1
DA:14,1
DA:16,1
DA:17,1
DA:18,1
DA:21,0
DA:22,0
DA:25,1
DA:29,1
DA:33,1
DA:34,1
DA:35,1
DA:36,0
DA:41,1
DA:42,0
DA:45,1
DA:46,0
DA:48,0
DA:49,0
DA:54,0
DA:57,0
DA:60,1
DA:67,1
DA:68,1
DA:70,0
DA:72,0
DA:74,0
DA:76,1
DA:80,1
DA:84,0
DA:102,0
DA:123,3
LF:36
LH:22
BRDA:21,0,0,0
BRDA:21,0,1,0
BRDA:34,1,0,1
BRDA:34,1,1,0
BRDA:68,2,0,0
BRDA:68,2,1,0
BRDA:68,2,2,0
BRDA:68,2,3,1
BRDA:93,3,0,0
BRDA:93,3,1,1
BRF:10
BRH:3
end_of_record
TN:
SF:src/components/TaskDetail/TaskTime.js
FN:4,(anonymous_0)
FNF:1
FNH:1
FNDA:2,(anonymous_0)
DA:4,4
DA:7,2
DA:12,2
DA:16,2
DA:44,4
LF:5
LH:5
BRDA:7,0,0,2
BRDA:7,0,1,0
BRDA:12,1,0,2
BRDA:12,1,1,0
BRDA:18,2,0,2
BRDA:18,2,1,2
BRDA:22,3,0,0
BRDA:22,3,1,2
BRDA:28,4,0,2
BRDA:28,4,1,2
BRDA:32,5,0,0
BRDA:32,5,1,2
BRF:12
BRH:8
end_of_record
TN:
SF:src/components/TaskDetail/TaskTitle.js
FN:4,(anonymous_0)
FNF:1
FNH:1
FNDA:3,(anonymous_0)
DA:4,4
DA:6,3
DA:25,4
LF:3
LH:3
BRDA:8,0,0,3
BRDA:8,0,1,3
BRDA:12,1,0,1
BRDA:12,1,1,2
BRF:4
BRH:4
end_of_record
TN:
SF:src/components/TaskDetail/TaskUrl.js
FN:5,(anonymous_0)
FN:9,(anonymous_1)
FN:10,(anonymous_2)
FNF:3
FNH:2
FNDA:2,(anonymous_0)
FNDA:1,(anonymous_1)
FNDA:0,(anonymous_2)
DA:5,4
DA:7,2
DA:9,1
DA:10,1
DA:11,0
DA:14,1
DA:25,1
DA:30,4
LF:8
LH:7
BRDA:17,0,0,0
BRDA:17,0,1,1
BRDA:25,1,0,1
BRDA:25,1,1,1
BRF:4
BRH:3
end_of_record
TN:
SF:src/components/TaskScreenFeatures/AddDate.js
FN:5,(anonymous_0)
FN:7,(anonymous_1)
FN:27,(anonymous_2)
FNF:3
FNH:2
FNDA:2,(anonymous_0)
FNDA:0,(anonymous_1)
FNDA:1,(anonymous_2)
DA:5,3
DA:7,2
DA:9,0
DA:14,0
DA:20,2
DA:27,1
DA:47,3
LF:7
LH:5
BRF:0
BRH:0
end_of_record
TN:
SF:src/components/TaskScreenFeatures/AddImage.js
FN:6,(anonymous_0)
FN:10,(anonymous_1)
FNF:2
FNH:1
FNDA:1,(anonymous_0)
FNDA:0,(anonymous_1)
DA:6,3
DA:8,1
DA:10,1
DA:11,0
DA:18,0
DA:20,0
DA:21,0
DA:22,0
DA:23,0
DA:27,1
DA:48,3
LF:11
LH:5
BRDA:20,0,0,0
BRDA:20,0,1,0
BRDA:34,1,0,1
BRDA:34,1,1,1
BRF:4
BRH:2
end_of_record
TN:
SF:src/components/TaskScreenFeatures/CustomGreeting.js
FN:6,(anonymous_0)
FN:10,(anonymous_1)
FN:25,(anonymous_2)
FN:26,(anonymous_3)
FNF:4
FNH:4
FNDA:10,(anonymous_0)
FNDA:5,(anonymous_1)
FNDA:5,(anonymous_2)
FNDA:5,(anonymous_3)
DA:6,3
DA:7,10
DA:8,10
DA:10,10
DA:11,5
DA:12,5
DA:14,5
DA:15,1
DA:16,4
DA:17,1
DA:19,3
DA:25,10
DA:26,5
DA:27,5
DA:28,5
DA:29,2
DA:30,2
DA:31,2
DA:32,2
DA:33,0
DA:34,0
DA:36,0
DA:40,5
DA:44,5
DA:47,10
DA:60,3
LF:26
LH:23
BRDA:14,0,0,1
BRDA:14,0,1,4
BRDA:16,1,0,1
BRDA:16,1,1,3
BRDA:29,2,0,2
BRDA:29,2,1,0
BRDA:32,3,0,0
BRDA:32,3,1,0
BRF:8
BRH:5
end_of_record
TN:
SF:src/components/TaskScreenFeatures/ImagePreview.js
FN:11,(anonymous_0)
FNF:1
FNH:1
FNDA:3,(anonymous_0)
DA:11,3
DA:13,3
DA:39,3
LF:3
LH:3
BRF:0
BRH:0
end_of_record
TN:
SF:src/components/TaskScreenFeatures/SetEndTime.js
FN:5,(anonymous_0)
FN:10,(anonymous_1)
FN:14,(anonymous_2)
FN:29,(anonymous_3)
FN:48,(anonymous_4)
FNF:5
FNH:1
FNDA:1,(anonymous_0)
FNDA:0,(anonymous_1)
FNDA:0,(anonymous_2)
FNDA:0,(anonymous_3)
FNDA:0,(anonymous_4)
DA:5,3
DA:7,1
DA:8,1
DA:10,1
DA:11,0
DA:14,1
DA:15,0
DA:16,0
DA:17,0
DA:18,0
DA:22,1
DA:30,0
DA:31,0
DA:32,0
DA:34,0
DA:48,0
DA:57,3
LF:17
LH:7
BRDA:15,0,0,0
BRDA:15,0,1,0
BRDA:31,1,0,0
BRDA:31,1,1,0
BRDA:41,2,0,1
BRDA:41,2,1,0
BRDA:44,3,0,0
BRDA:44,3,1,0
BRF:8
BRH:1
end_of_record
TN:
SF:src/components/TaskScreenFeatures/SetTime.js
FN:5,(anonymous_0)
FN:8,(anonymous_1)
FN:12,(anonymous_2)
FN:26,(anonymous_3)
FN:44,(anonymous_4)
FNF:5
FNH:1
FNDA:1,(anonymous_0)
FNDA:0,(anonymous_1)
FNDA:0,(anonymous_2)
FNDA:0,(anonymous_3)
FNDA:0,(anonymous_4)
DA:5,3
DA:6,1
DA:8,1
DA:9,0
DA:12,1
DA:13,0
DA:14,0
DA:15,0
DA:19,1
DA:27,0
DA:28,0
DA:29,0
DA:31,0
DA:44,0
DA:54,3
LF:15
LH:6
BRDA:13,0,0,0
BRDA:13,0,1,0
BRDA:28,1,0,0
BRDA:28,1,1,0
BRDA:38,2,0,1
BRDA:38,2,1,0
BRF:6
BRH:1
end_of_record
TN:
SF:src/components/TaskScreenFeatures/SignOut.js
FN:9,(anonymous_0)
FN:14,(anonymous_1)
FN:16,(anonymous_2)
FN:20,(anonymous_3)
FN:31,(anonymous_4)
FN:44,(anonymous_5)
FN:60,(anonymous_6)
FNF:7
FNH:3
FNDA:8,(anonymous_0)
FNDA:0,(anonymous_1)
FNDA:0,(anonymous_2)
FNDA:0,(anonymous_3)
FNDA:0,(anonymous_4)
FNDA:1,(anonymous_5)
FNDA:2,(anonymous_6)
DA:9,3
DA:11,8
DA:12,8
DA:14,8
DA:15,0
DA:17,0
DA:18,0
DA:20,0
DA:23,8
DA:32,0
DA:33,0
DA:44,1
DA:60,2
DA:69,3
LF:14
LH:8
BRF:0
BRH:0
end_of_record
TN:
SF:src/screens/BottomTab.js
FN:8,(anonymous_0)
FN:43,(anonymous_1)
FN:55,(anonymous_2)
FN:69,(anonymous_3)
FNF:4
FNH:1
FNDA:1,(anonymous_0)
FNDA:0,(anonymous_1)
FNDA:0,(anonymous_2)
FNDA:0,(anonymous_3)
DA:8,1
DA:10,1
DA:12,1
DA:44,0
DA:56,0
DA:70,0
LF:6
LH:3
BRF:0
BRH:0
end_of_record
TN:
SF:src/screens/LogIn.js
FN:13,(anonymous_0)
FN:18,(anonymous_1)
FN:20,(anonymous_2)
FN:27,(anonymous_3)
FN:44,(anonymous_4)
FN:52,(anonymous_5)
FN:70,(anonymous_6)
FNF:7
FNH:6
FNDA:5,(anonymous_0)
FNDA:1,(anonymous_1)
FNDA:1,(anonymous_2)
FNDA:1,(anonymous_3)
FNDA:1,(anonymous_4)
FNDA:1,(anonymous_5)
FNDA:0,(anonymous_6)
DA:13,1
DA:14,5
DA:15,5
DA:16,5
DA:18,5
DA:19,1
DA:21,1
DA:22,1
DA:23,1
DA:24,1
DA:28,1
DA:29,1
DA:33,5
DA:44,1
DA:52,1
DA:70,0
DA:80,1
LF:17
LH:16
BRF:0
BRH:0
end_of_record
TN:
SF:src/screens/MeditationScreen.js
FN:7,(anonymous_0)
FN:11,(anonymous_1)
FN:15,(anonymous_2)
FN:19,(anonymous_3)
FN:23,(anonymous_4)
FN:25,(anonymous_5)
FN:29,(anonymous_6)
FN:32,(anonymous_7)
FN:37,(anonymous_8)
FN:47,(anonymous_9)
FN:51,(anonymous_10)
FN:54,(anonymous_11)
FN:57,(anonymous_12)
FNF:13
FNH:4
FNDA:6,(anonymous_0)
FNDA:0,(anonymous_1)
FNDA:0,(anonymous_2)
FNDA:2,(anonymous_3)
FNDA:2,(anonymous_4)
FNDA:2,(anonymous_5)
FNDA:0,(anonymous_6)
FNDA:0,(anonymous_7)
FNDA:0,(anonymous_8)
FNDA:0,(anonymous_9)
FNDA:0,(anonymous_10)
FNDA:0,(anonymous_11)
FNDA:0,(anonymous_12)
DA:7,2
DA:8,6
DA:9,6
DA:11,6
DA:12,0
DA:15,6
DA:16,0
DA:19,6
DA:20,2
DA:23,6
DA:24,2
DA:26,2
DA:27,2
DA:29,0
DA:32,6
DA:33,0
DA:34,0
DA:37,6
DA:38,0
DA:39,0
DA:42,6
DA:48,0
DA:52,0
DA:54,0
DA:57,0
DA:65,2
DA:72,2
LF:27
LH:16
BRF:0
BRH:0
end_of_record
TN:
SF:src/screens/OnBoarding.js
FN:4,(anonymous_0)
FN:33,(anonymous_1)
FNF:2
FNH:2
FNDA:2,(anonymous_0)
FNDA:1,(anonymous_1)
DA:4,1
DA:5,2
DA:33,1
DA:44,1
LF:4
LH:4
BRF:0
BRH:0
end_of_record
TN:
SF:src/screens/PomodoroScreen.js
FN:13,(anonymous_0)
FN:31,(anonymous_1)
FN:32,loadPingSound
FN:41,(anonymous_3)
FN:48,(anonymous_4)
FN:49,loadBellSound
FN:58,(anonymous_6)
FN:65,(anonymous_7)
FN:90,(anonymous_8)
FN:97,(anonymous_9)
FN:121,(anonymous_10)
FN:126,(anonymous_11)
FN:130,(anonymous_12)
FNF:13
FNH:10
FNDA:13,(anonymous_0)
FNDA:3,(anonymous_1)
FNDA:3,loadPingSound
FNDA:3,(anonymous_3)
FNDA:3,(anonymous_4)
FNDA:3,loadBellSound
FNDA:3,(anonymous_6)
FNDA:0,(anonymous_7)
FNDA:6,(anonymous_8)
FNDA:0,(anonymous_9)
FNDA:6,(anonymous_10)
FNDA:3,(anonymous_11)
FNDA:0,(anonymous_12)
DA:13,2
DA:14,13
DA:21,13
DA:22,12
DA:23,12
DA:24,12
DA:25,12
DA:27,12
DA:29,12
DA:31,12
DA:33,3
DA:36,3
DA:39,3
DA:41,3
DA:42,3
DA:43,0
DA:48,12
DA:50,3
DA:53,3
DA:56,3
DA:58,3
DA:59,3
DA:60,0
DA:65,12
DA:66,0
DA:69,0
DA:70,0
DA:72,0
DA:73,0
DA:74,0
DA:75,0
DA:77,0
DA:79,0
DA:80,0
DA:81,0
DA:82,0
DA:83,0
DA:85,0
DA:90,12
DA:91,6
DA:95,6
DA:96,2
DA:97,2
DA:98,0
DA:99,0
DA:100,0
DA:101,0
DA:102,0
DA:103,0
DA:105,0
DA:107,0
DA:108,0
DA:111,0
DA:114,4
DA:118,0
DA:121,6
DA:122,6
DA:126,12
DA:127,3
DA:130,12
DA:131,0
DA:132,0
DA:133,0
DA:134,0
DA:135,0
DA:138,12
DA:179,2
LF:67
LH:35
BRDA:42,0,0,0
BRDA:42,0,1,3
BRDA:59,1,0,0
BRDA:59,1,1,3
BRDA:69,2,0,0
BRDA:69,2,1,0
BRDA:77,3,0,0
BRDA:77,3,1,0
BRDA:82,4,0,0
BRDA:82,4,1,0
BRDA:95,5,0,2
BRDA:95,5,1,4
BRDA:95,6,0,6
BRDA:95,6,1,2
BRDA:95,6,2,0
BRDA:98,7,0,0
BRDA:98,7,1,0
BRDA:99,8,0,0
BRDA:99,8,1,0
BRDA:102,9,0,0
BRDA:102,9,1,0
BRDA:114,10,0,0
BRDA:114,10,1,4
BRDA:115,11,0,4
BRDA:115,11,1,4
BRDA:115,11,2,4
BRDA:142,12,0,12
BRDA:142,12,1,0
BRDA:159,13,0,12
BRDA:159,13,1,0
BRDA:164,14,0,4
BRDA:164,14,1,8
BRF:32
BRH:14
end_of_record
TN:
SF:src/screens/Register.js
FN:14,(anonymous_0)
FN:20,(anonymous_1)
FN:22,(anonymous_2)
FN:30,(anonymous_3)
FN:35,(anonymous_4)
FN:53,(anonymous_5)
FN:63,(anonymous_6)
FN:71,(anonymous_7)
FN:89,(anonymous_8)
FNF:9
FNH:7
FNDA:6,(anonymous_0)
FNDA:1,(anonymous_1)
FNDA:1,(anonymous_2)
FNDA:0,(anonymous_3)
FNDA:1,(anonymous_4)
FNDA:1,(anonymous_5)
FNDA:1,(anonymous_6)
FNDA:1,(anonymous_7)
FNDA:0,(anonymous_8)
DA:14,1
DA:15,6
DA:16,6
DA:17,6
DA:18,6
DA:20,6
DA:21,1
DA:23,1
DA:24,1
DA:25,0
DA:27,0
DA:31,0
DA:32,0
DA:36,1
DA:37,1
DA:41,6
DA:54,1
DA:63,1
DA:71,1
DA:89,0
DA:99,1
LF:21
LH:16
BRF:0
BRH:0
end_of_record
TN:
SF:src/screens/Splash.js
FN:9,(anonymous_0)
FN:12,(anonymous_1)
FN:31,(anonymous_2)
FN:39,(anonymous_3)
FN:42,(anonymous_4)
FN:46,(anonymous_5)
FN:54,(anonymous_6)
FN:55,(anonymous_7)
FN:58,(anonymous_8)
FN:59,(anonymous_9)
FN:66,(anonymous_10)
FNF:11
FNH:5
FNDA:2,(anonymous_0)
FNDA:1,(anonymous_1)
FNDA:0,(anonymous_2)
FNDA:1,(anonymous_3)
FNDA:0,(anonymous_4)
FNDA:1,(anonymous_5)
FNDA:1,(anonymous_6)
FNDA:0,(anonymous_7)
FNDA:0,(anonymous_8)
FNDA:0,(anonymous_9)
FNDA:0,(anonymous_10)
DA:9,1
DA:10,2
DA:12,2
DA:13,1
DA:14,1
DA:18,1
DA:20,1
DA:21,1
DA:22,1
DA:24,1
DA:28,0
DA:31,2
DA:32,0
DA:34,0
DA:35,0
DA:39,2
DA:40,1
DA:42,1
DA:43,0
DA:46,1
DA:47,1
DA:48,0
DA:49,0
DA:54,2
DA:55,1
DA:56,0
DA:58,0
DA:59,0
DA:60,0
DA:61,0
DA:65,0
DA:66,0
DA:67,0
DA:68,0
DA:73,1
DA:76,2
DA:93,1
LF:37
LH:21
BRDA:20,0,0,1
BRDA:20,0,1,0
BRDA:24,1,0,1
BRDA:24,1,1,0
BRDA:24,2,0,1
BRDA:24,2,1,1
BRDA:32,3,0,0
BRDA:32,3,1,0
BRDA:47,4,0,0
BRDA:47,4,1,1
BRDA:56,5,0,0
BRDA:56,5,1,0
BRF:12
BRH:5
end_of_record
TN:
SF:src/screens/TasksScreen.js
FN:37,(anonymous_0)
FN:61,(anonymous_1)
FN:62,(anonymous_2)
FN:65,(anonymous_3)
FN:73,(anonymous_4)
FN:77,(anonymous_5)
FN:95,(anonymous_6)
FN:106,(anonymous_7)
FN:149,(anonymous_8)
FN:164,(anonymous_9)
FN:169,(anonymous_10)
FN:173,(anonymous_11)
FN:177,(anonymous_12)
FN:181,(anonymous_13)
FN:187,(anonymous_14)
FN:217,(anonymous_15)
FN:223,(anonymous_16)
FN:224,(anonymous_17)
FN:228,(anonymous_18)
FN:232,(anonymous_19)
FN:234,(anonymous_20)
FN:238,(anonymous_21)
FN:266,(anonymous_22)
FN:284,(anonymous_23)
FN:292,(anonymous_24)
FN:300,(anonymous_25)
FN:334,(anonymous_26)
FNF:27
FNH:7
FNDA:2,(anonymous_0)
FNDA:2,(anonymous_1)
FNDA:2,(anonymous_2)
FNDA:2,(anonymous_3)
FNDA:2,(anonymous_4)
FNDA:2,(anonymous_5)
FNDA:1,(anonymous_6)
FNDA:0,(anonymous_7)
FNDA:0,(anonymous_8)
FNDA:0,(anonymous_9)
FNDA:0,(anonymous_10)
FNDA:0,(anonymous_11)
FNDA:0,(anonymous_12)
FNDA:0,(anonymous_13)
FNDA:0,(anonymous_14)
FNDA:0,(anonymous_15)
FNDA:0,(anonymous_16)
FNDA:0,(anonymous_17)
FNDA:0,(anonymous_18)
FNDA:0,(anonymous_19)
FNDA:0,(anonymous_20)
FNDA:0,(anonymous_21)
FNDA:0,(anonymous_22)
FNDA:0,(anonymous_23)
FNDA:0,(anonymous_24)
FNDA:0,(anonymous_25)
FNDA:0,(anonymous_26)
DA:37,2
DA:39,2
DA:40,2
DA:41,2
DA:42,2
DA:43,2
DA:44,2
DA:45,2
DA:47,2
DA:48,2
DA:49,2
DA:50,2
DA:51,2
DA:52,2
DA:53,2
DA:54,2
DA:56,2
DA:57,2
DA:58,2
DA:59,2
DA:61,2
DA:62,2
DA:63,2
DA:65,2
DA:66,2
DA:69,2
DA:70,2
DA:73,2
DA:74,2
DA:77,2
DA:78,2
DA:83,0
DA:84,0
DA:86,0
DA:95,2
DA:96,1
DA:98,0
DA:99,0
DA:100,0
DA:101,0
DA:102,0
DA:103,0
DA:106,2
DA:107,0
DA:149,2
DA:150,0
DA:151,0
DA:152,0
DA:154,0
DA:164,2
DA:165,0
DA:166,0
DA:169,2
DA:170,0
DA:173,2
DA:174,0
DA:177,2
DA:178,0
DA:181,2
DA:182,0
DA:183,0
DA:184,0
DA:187,2
DA:188,0
DA:189,0
DA:192,2
DA:218,0
DA:223,0
DA:225,0
DA:229,0
DA:232,0
DA:235,0
DA:238,0
DA:267,0
DA:268,0
DA:269,0
DA:270,0
DA:271,0
DA:284,0
DA:292,0
DA:300,0
DA:334,0
DA:343,2
LF:83
LH:43
BRDA:78,0,0,0
BRDA:78,0,1,2
BRDA:79,1,0,2
BRDA:79,1,1,0
BRDA:79,1,2,0
BRDA:198,2,0,0
BRDA:198,2,1,2
BRDA:208,3,0,0
BRDA:208,3,1,2
BRDA:259,4,0,2
BRDA:259,4,1,0
BRF:11
BRH:5
end_of_record
TN:
SF:src/screens/VideoPreviewScreen.js
FN:12,(anonymous_0)
FN:15,(anonymous_1)
FNF:2
FNH:2
FNDA:2,(anonymous_0)
FNDA:1,(anonymous_1)
DA:12,1
DA:13,2
DA:15,2
DA:16,1
DA:19,2
DA:38,1
LF:6
LH:6
BRF:0
BRH:0
end_of_record
TN:
SF:src/screens/index.js
FNF:0
FNH:0
LF:0
LH:0
BRF:0
BRH:0
end_of_record
TN:
SF:src/utilities/ApiCalls.js
FN:6,ApiCalls
FN:21,(anonymous_1)
FN:35,(anonymous_2)
FNF:3
FNH:3
FNDA:1,ApiCalls
FNDA:1,(anonymous_1)
FNDA:1,(anonymous_2)
DA:6,3
DA:11,1
DA:14,1
DA:17,1
DA:18,1
DA:22,1
DA:36,1
DA:37,1
DA:53,3
LF:9
LH:9
BRDA:11,0,0,1
BRDA:11,0,1,0
BRDA:14,1,0,1
BRDA:14,1,1,0
BRDA:14,2,0,1
BRDA:14,2,1,1
BRDA:26,3,0,1
BRDA:26,3,1,0
BRF:8
BRH:5
end_of_record
TN:
SF:src/utilities/CalendarHelpers.js
FN:4,(anonymous_0)
FN:12,(anonymous_1)
FN:20,(anonymous_2)
FN:32,(anonymous_3)
FN:77,(anonymous_4)
FNF:5
FNH:4
FNDA:5,(anonymous_0)
FNDA:5,(anonymous_1)
FNDA:0,(anonymous_2)
FNDA:2,(anonymous_3)
FNDA:1,(anonymous_4)
DA:4,4
DA:5,5
DA:6,5
DA:8,5
DA:11,5
DA:12,5
DA:15,5
DA:16,5
DA:19,0
DA:20,0
DA:22,0
DA:26,0
DA:27,0
DA:32,4
DA:33,2
DA:34,2
DA:36,2
DA:37,2
DA:38,2
DA:39,2
DA:40,2
DA:42,2
DA:43,2
DA:44,2
DA:45,2
DA:47,2
DA:48,2
DA:50,2
DA:51,0
DA:53,2
DA:62,2
DA:63,2
DA:64,2
DA:66,2
DA:68,0
DA:71,2
DA:77,4
DA:78,1
DA:79,1
DA:80,1
DA:81,1
DA:83,0
DA:86,0
LF:43
LH:34
BRDA:6,0,0,5
BRDA:6,0,1,0
BRDA:12,1,0,5
BRDA:12,1,1,5
BRDA:15,2,0,5
BRDA:15,2,1,0
BRDA:22,3,0,0
BRDA:22,3,1,0
BRDA:36,4,0,2
BRDA:36,4,1,0
BRDA:50,5,0,0
BRDA:50,5,1,2
BRDA:79,6,0,1
BRDA:79,6,1,0
BRF:14
BRH:7
end_of_record
TN:
SF:src/utilities/Content.js
FN:4,getContent
FNF:1
FNH:1
FNDA:1,getContent
DA:2,2
DA:5,1
DA:6,1
DA:7,1
DA:9,1
DA:10,1
DA:12,0
DA:13,0
LF:8
LH:6
BRF:0
BRH:0
end_of_record
TN:
SF:src/utilities/LogicFunctions.js
FN:21,(anonymous_0)
FN:32,(anonymous_1)
FN:70,(anonymous_2)
FN:92,(anonymous_3)
FN:93,(anonymous_4)
FN:106,(anonymous_5)
FN:216,(anonymous_6)
FN:237,(anonymous_7)
FN:238,(anonymous_8)
FNF:9
FNH:4
FNDA:3,(anonymous_0)
FNDA:0,(anonymous_1)
FNDA:1,(anonymous_2)
FNDA:0,(anonymous_3)
FNDA:0,(anonymous_4)
FNDA:1,(anonymous_5)
FNDA:1,(anonymous_6)
FNDA:0,(anonymous_7)
FNDA:0,(anonymous_8)
DA:21,3
DA:23,3
DA:24,3
DA:25,3
DA:26,3
DA:27,3
DA:28,1
DA:30,0
DA:32,0
DA:41,0
DA:43,0
DA:44,0
DA:45,0
DA:56,0
DA:59,0
DA:61,3
DA:65,3
DA:70,3
DA:76,1
DA:78,1
DA:79,1
DA:80,1
DA:82,1
DA:84,1
DA:87,1
DA:88,1
DA:92,1
DA:93,0
DA:94,0
DA:95,0
DA:100,0
DA:106,3
DA:145,1
DA:146,1
DA:147,1
DA:149,1
DA:151,0
DA:155,0
DA:157,1
DA:159,1
DA:171,1
DA:172,1
DA:174,1
DA:176,1
DA:177,1
DA:178,1
DA:179,1
DA:180,1
DA:181,1
DA:182,1
DA:183,1
DA:185,1
DA:186,1
DA:187,1
DA:188,1
DA:189,1
DA:190,1
DA:192,1
DA:193,1
DA:195,1
DA:210,1
DA:211,1
DA:216,3
DA:222,1
DA:224,1
DA:225,1
DA:227,1
DA:228,0
DA:230,0
DA:233,0
DA:234,0
DA:237,0
DA:238,0
DA:241,0
DA:244,0
DA:245,0
DA:246,0
DA:248,0
DA:254,0
LF:79
LH:53
BRDA:24,0,0,3
BRDA:24,0,1,0
BRDA:43,1,0,0
BRDA:43,1,1,0
BRDA:44,2,0,0
BRDA:44,2,1,0
BRDA:79,3,0,1
BRDA:79,3,1,0
BRDA:94,4,0,0
BRDA:94,4,1,0
BRDA:149,5,0,0
BRDA:149,5,1,1
BRDA:161,6,0,1
BRDA:161,6,1,0
BRDA:162,7,0,1
BRDA:162,7,1,0
BRDA:163,8,0,1
BRDA:163,8,1,0
BRDA:166,9,0,1
BRDA:166,9,1,0
BRDA:167,10,0,0
BRDA:167,10,1,1
BRDA:168,11,0,1
BRDA:168,11,1,0
BRDA:227,12,0,0
BRDA:227,12,1,1
BRDA:244,13,0,0
BRDA:244,13,1,0
BRF:28
BRH:10
end_of_record
TN:
SF:src/utilities/ModalTagPicker.js
FN:5,(anonymous_0)
FN:26,(anonymous_1)
FN:31,(anonymous_2)
FN:37,(anonymous_3)
FN:46,(anonymous_4)
FNF:5
FNH:4
FNDA:3,(anonymous_0)
FNDA:4,(anonymous_1)
FNDA:12,(anonymous_2)
FNDA:4,(anonymous_3)
FNDA:0,(anonymous_4)
DA:5,4
DA:7,3
DA:26,3
DA:27,4
DA:28,4
DA:31,3
DA:32,12
DA:37,4
DA:44,3
DA:46,0
DA:57,4
LF:11
LH:10
BRF:0
BRH:0
end_of_record
TN:
SF:src/utilities/Notification.js
FN:4,(anonymous_0)
FN:21,(anonymous_1)
FNF:2
FNH:2
FNDA:3,(anonymous_0)
FNDA:2,(anonymous_1)
DA:4,3
DA:5,3
DA:13,3
DA:14,3
DA:16,0
DA:18,3
DA:21,3
DA:22,2
DA:23,2
DA:24,2
DA:26,2
DA:39,1
DA:41,1
LF:13
LH:12
BRDA:13,0,0,3
BRDA:13,0,1,0
BRDA:24,1,0,2
BRDA:24,1,1,0
BRF:4
BRH:2
end_of_record
